TN:
SF:src\configs\winston-logger.config.ts
FN:4,options
FNF:1
FNH:1
FNDA:12,options
DA:1,1
DA:2,1
DA:3,1
DA:4,1
DA:5,12
DA:6,12
DA:7,12
DA:8,12
DA:9,12
DA:10,12
DA:11,12
DA:12,12
DA:13,1
DA:14,1
LF:14
LH:14
BRDA:4,0,0,12
BRF:1
BRH:1
end_of_record
TN:
SF:src\controllers\AuthController.ts
FN:8,AuthController
FN:12,registerUser
FN:29,logUser
FN:46,testToken
FNF:4
FNH:3
FNDA:1,AuthController
FNDA:1,registerUser
FNDA:1,logUser
FNDA:0,testToken
DA:1,1
DA:2,1
DA:3,1
DA:4,1
DA:5,1
DA:6,1
DA:7,1
DA:8,1
DA:9,1
DA:10,1
DA:11,1
DA:12,1
DA:13,1
DA:14,1
DA:15,0
DA:16,0
DA:17,1
DA:18,1
DA:19,1
DA:20,1
DA:21,1
DA:22,1
DA:23,1
DA:24,0
DA:25,0
DA:26,1
DA:27,1
DA:28,1
DA:29,1
DA:30,1
DA:31,1
DA:32,0
DA:33,0
DA:34,1
DA:35,1
DA:36,1
DA:37,1
DA:38,1
DA:39,1
DA:40,1
DA:41,0
DA:42,0
DA:43,1
DA:44,1
DA:45,1
DA:46,1
DA:47,0
DA:48,0
DA:49,0
DA:50,1
LF:50
LH:39
BRDA:8,0,0,1
BRDA:12,1,0,1
BRDA:14,2,0,0
BRDA:23,3,0,0
BRDA:29,4,0,1
BRDA:31,5,0,0
BRDA:40,6,0,0
BRF:7
BRH:3
end_of_record
TN:
SF:src\controllers\Controller.ts
FN:14,Controller
FN:19,handleMiddleWareError
FNF:2
FNH:1
FNDA:1,Controller
FNDA:0,handleMiddleWareError
DA:1,1
DA:2,1
DA:3,1
DA:4,1
DA:5,1
DA:6,1
DA:7,1
DA:8,1
DA:9,1
DA:10,1
DA:11,1
DA:12,1
DA:13,1
DA:14,1
DA:15,1
DA:16,1
DA:17,1
DA:18,1
DA:19,1
DA:20,0
DA:21,0
DA:22,0
DA:23,0
DA:24,0
DA:25,0
DA:26,0
DA:27,1
LF:27
LH:20
BRDA:14,0,0,1
BRF:1
BRH:1
end_of_record
TN:
SF:src\controllers\GameController.ts
FN:11,GameController
FN:15,createGame
FN:30,getGame
FN:40,getGamePlayers
FN:50,getGameRooms
FN:60,getGameEvents
FN:70,getGameSecrets
FNF:7
FNH:0
FNDA:0,GameController
FNDA:0,createGame
FNDA:0,getGame
FNDA:0,getGamePlayers
FNDA:0,getGameRooms
FNDA:0,getGameEvents
FNDA:0,getGameSecrets
DA:1,1
DA:2,1
DA:3,1
DA:4,1
DA:5,1
DA:6,1
DA:7,1
DA:8,1
DA:9,1
DA:10,1
DA:11,1
DA:12,0
DA:13,0
DA:14,1
DA:15,1
DA:16,0
DA:17,0
DA:18,0
DA:19,0
DA:20,0
DA:21,0
DA:22,0
DA:23,0
DA:24,0
DA:25,0
DA:26,0
DA:27,0
DA:28,0
DA:29,1
DA:30,1
DA:31,0
DA:32,0
DA:33,0
DA:34,0
DA:35,0
DA:36,0
DA:37,0
DA:38,0
DA:39,1
DA:40,1
DA:41,0
DA:42,0
DA:43,0
DA:44,0
DA:45,0
DA:46,0
DA:47,0
DA:48,0
DA:49,1
DA:50,1
DA:51,0
DA:52,0
DA:53,0
DA:54,0
DA:55,0
DA:56,0
DA:57,0
DA:58,0
DA:59,1
DA:60,1
DA:61,0
DA:62,0
DA:63,0
DA:64,0
DA:65,0
DA:66,0
DA:67,0
DA:68,0
DA:69,1
DA:70,1
DA:71,0
DA:72,0
DA:73,0
DA:74,0
DA:75,0
DA:76,0
DA:77,0
DA:78,0
DA:79,1
LF:79
LH:24
BRF:0
BRH:0
end_of_record
TN:
SF:src\controllers\PlayerController.ts
FN:10,PlayerController
FN:14,createPlayer
FN:28,getPlayer
FNF:3
FNH:0
FNDA:0,PlayerController
FNDA:0,createPlayer
FNDA:0,getPlayer
DA:1,1
DA:2,1
DA:3,1
DA:4,1
DA:5,1
DA:6,1
DA:7,1
DA:8,1
DA:9,1
DA:10,1
DA:11,0
DA:12,0
DA:13,1
DA:14,1
DA:15,0
DA:16,0
DA:17,0
DA:18,0
DA:19,0
DA:20,0
DA:21,0
DA:22,0
DA:23,0
DA:24,0
DA:25,0
DA:26,0
DA:27,1
DA:28,1
DA:29,0
DA:30,0
DA:31,0
DA:32,0
DA:33,0
DA:34,0
DA:35,0
DA:36,0
DA:37,1
LF:37
LH:15
BRF:0
BRH:0
end_of_record
TN:
SF:src\controllers\RoomGameController.ts
FN:8,RoomGameController
FN:12,createRoomGame
FNF:2
FNH:0
FNDA:0,RoomGameController
FNDA:0,createRoomGame
DA:1,1
DA:2,1
DA:3,1
DA:4,1
DA:5,1
DA:6,1
DA:7,1
DA:8,1
DA:9,0
DA:10,0
DA:11,1
DA:12,1
DA:13,0
DA:14,0
DA:15,0
DA:16,0
DA:17,0
DA:18,0
DA:19,0
DA:20,0
DA:21,0
DA:22,1
LF:22
LH:11
BRF:0
BRH:0
end_of_record
TN:
SF:src\controllers\RoomTypeController.ts
FN:10,RoomTypeController
FN:14,createRoomType
FN:25,getAllRoomTypes
FN:34,getRoomType
FNF:4
FNH:0
FNDA:0,RoomTypeController
FNDA:0,createRoomType
FNDA:0,getAllRoomTypes
FNDA:0,getRoomType
DA:1,1
DA:2,1
DA:3,1
DA:4,1
DA:5,1
DA:6,1
DA:7,1
DA:8,1
DA:9,1
DA:10,1
DA:11,0
DA:12,0
DA:13,1
DA:14,1
DA:15,0
DA:16,0
DA:17,0
DA:18,0
DA:19,0
DA:20,0
DA:21,0
DA:22,0
DA:23,0
DA:24,1
DA:25,1
DA:26,0
DA:27,0
DA:28,0
DA:29,0
DA:30,0
DA:31,0
DA:32,0
DA:33,1
DA:34,1
DA:35,0
DA:36,0
DA:37,0
DA:38,0
DA:39,0
DA:40,0
DA:41,0
DA:42,0
DA:43,1
LF:43
LH:17
BRF:0
BRH:0
end_of_record
TN:
SF:src\controllers\index.ts
FNF:0
FNH:0
DA:1,1
DA:2,1
DA:3,1
DA:4,1
DA:5,1
DA:6,1
LF:6
LH:6
BRF:0
BRH:0
end_of_record
TN:
SF:src\controllers\eventControllers\BuzzController.ts
FN:9,BuzzController
FN:13,createBuzz
FN:33,getBuzz
FN:43,updateBuzz
FNF:4
FNH:0
FNDA:0,BuzzController
FNDA:0,createBuzz
FNDA:0,getBuzz
FNDA:0,updateBuzz
DA:1,1
DA:2,1
DA:3,1
DA:4,1
DA:5,1
DA:6,1
DA:7,1
DA:8,1
DA:9,1
DA:10,0
DA:11,0
DA:12,1
DA:13,1
DA:14,0
DA:15,0
DA:16,0
DA:17,0
DA:18,0
DA:19,0
DA:20,0
DA:21,0
DA:22,0
DA:23,0
DA:24,0
DA:25,0
DA:26,0
DA:27,0
DA:28,0
DA:29,0
DA:30,0
DA:31,0
DA:32,1
DA:33,1
DA:34,0
DA:35,0
DA:36,0
DA:37,0
DA:38,0
DA:39,0
DA:40,0
DA:41,0
DA:42,1
DA:43,1
DA:44,0
DA:45,0
DA:46,0
DA:47,0
DA:48,0
DA:49,0
DA:50,0
DA:51,0
DA:52,0
DA:53,0
DA:54,0
DA:55,0
DA:56,1
LF:56
LH:16
BRF:0
BRH:0
end_of_record
TN:
SF:src\controllers\eventControllers\EventController.ts
FN:6,EventController
FN:10,updateEvent
FNF:2
FNH:0
FNDA:0,EventController
FNDA:0,updateEvent
DA:1,1
DA:2,1
DA:3,1
DA:4,1
DA:5,1
DA:6,1
DA:7,0
DA:8,0
DA:9,1
DA:10,1
DA:11,0
DA:12,0
DA:13,0
DA:14,0
DA:15,0
DA:16,0
DA:17,0
DA:18,0
DA:19,1
LF:19
LH:9
BRF:0
BRH:0
end_of_record
TN:
SF:src\controllers\eventControllers\index.ts
FNF:0
FNH:0
DA:1,1
DA:2,1
LF:2
LH:2
BRF:0
BRH:0
end_of_record
TN:
SF:src\entities\Buzz.ts
FN:32,Buzz
FN:40,castToBuzzStatus
FN:23,onUpdate
FNF:3
FNH:2
FNDA:2,Buzz
FNDA:0,castToBuzzStatus
FNDA:1,onUpdate
DA:1,1
DA:2,1
DA:3,1
DA:4,1
DA:5,1
DA:6,1
DA:7,1
DA:8,1
DA:9,1
DA:10,1
DA:11,1
DA:12,1
DA:13,1
DA:14,1
DA:15,1
DA:16,1
DA:17,1
DA:18,1
DA:19,1
DA:20,1
DA:21,1
DA:22,1
DA:23,1
DA:24,1
DA:25,1
DA:26,1
DA:27,1
DA:28,1
DA:29,1
DA:30,1
DA:31,1
DA:32,1
DA:33,2
DA:34,2
DA:35,2
DA:36,2
DA:37,2
DA:38,2
DA:39,1
DA:40,1
DA:41,0
DA:42,0
DA:43,0
DA:44,0
DA:45,0
DA:46,0
DA:47,0
DA:48,0
DA:49,0
DA:50,0
DA:51,1
DA:52,1
DA:53,1
DA:54,12
DA:55,12
DA:56,12
DA:57,12
DA:58,12
LF:58
LH:48
BRDA:32,0,0,2
BRDA:23,1,0,1
BRDA:29,2,0,18
BRDA:54,3,0,12
BRF:4
BRH:4
end_of_record
TN:
SF:src\entities\Event.ts
FN:32,Event
FN:41,castToEventTypes
FN:53,castToEventStatus
FN:14,onUpdate
FNF:4
FNH:2
FNDA:3,Event
FNDA:0,castToEventTypes
FNDA:0,castToEventStatus
FNDA:3,onUpdate
DA:1,1
DA:2,1
DA:3,1
DA:4,1
DA:5,1
DA:6,1
DA:7,1
DA:8,1
DA:9,1
DA:10,1
DA:11,1
DA:12,1
DA:13,1
DA:14,1
DA:15,1
DA:16,1
DA:17,1
DA:18,1
DA:19,1
DA:20,1
DA:21,1
DA:22,1
DA:23,1
DA:24,1
DA:25,1
DA:26,1
DA:27,1
DA:28,1
DA:29,1
DA:30,1
DA:31,1
DA:32,1
DA:33,3
DA:34,3
DA:35,3
DA:36,3
DA:37,3
DA:38,3
DA:39,1
DA:40,1
DA:41,1
DA:42,0
DA:43,0
DA:44,0
DA:45,0
DA:46,0
DA:47,0
DA:48,0
DA:49,0
DA:50,0
DA:51,0
DA:52,1
DA:53,1
DA:54,0
DA:55,0
DA:56,0
DA:57,0
DA:58,0
DA:59,0
DA:60,0
DA:61,0
DA:62,0
DA:63,0
DA:64,1
DA:65,1
DA:66,1
DA:67,12
DA:68,12
DA:69,12
DA:70,12
DA:71,12
DA:72,12
DA:73,1
DA:74,12
DA:75,12
DA:76,12
DA:77,12
DA:78,12
LF:78
LH:58
BRDA:32,0,0,3
BRDA:14,1,0,3
BRDA:26,2,0,18
BRDA:29,3,0,18
BRDA:67,4,0,12
BRDA:74,5,0,12
BRF:6
BRH:6
end_of_record
TN:
SF:src\entities\Game.ts
FN:45,Game
FN:55,castToDelayUnities
FNF:2
FNH:1
FNDA:6,Game
FNDA:0,castToDelayUnities
DA:1,1
DA:2,1
DA:3,1
DA:4,1
DA:5,1
DA:6,1
DA:7,1
DA:8,1
DA:9,1
DA:10,1
DA:11,1
DA:12,1
DA:13,1
DA:14,1
DA:15,1
DA:16,1
DA:17,1
DA:18,1
DA:19,1
DA:20,1
DA:21,1
DA:22,1
DA:23,1
DA:24,1
DA:25,1
DA:26,1
DA:27,1
DA:28,1
DA:29,1
DA:30,1
DA:31,1
DA:32,1
DA:33,1
DA:34,1
DA:35,1
DA:36,1
DA:37,1
DA:38,1
DA:39,1
DA:40,1
DA:41,1
DA:42,1
DA:43,1
DA:44,1
DA:45,1
DA:46,6
DA:47,6
DA:48,6
DA:49,6
DA:50,6
DA:51,6
DA:52,6
DA:53,6
DA:54,1
DA:55,1
DA:56,0
DA:57,0
DA:58,0
DA:59,0
DA:60,0
DA:61,0
DA:62,0
DA:63,0
DA:64,0
DA:65,0
DA:66,1
DA:67,1
DA:68,1
DA:69,12
DA:70,12
DA:71,12
DA:72,12
DA:73,12
LF:73
LH:63
BRDA:45,0,0,6
BRDA:29,1,0,18
BRDA:39,2,0,18
BRDA:69,3,0,12
BRF:4
BRH:4
end_of_record
TN:
SF:src\entities\Player.ts
FN:53,Player
FN:61,castToGenders
FNF:2
FNH:1
FNDA:6,Player
FNDA:0,castToGenders
DA:1,1
DA:2,1
DA:3,1
DA:4,1
DA:5,1
DA:6,1
DA:7,1
DA:8,1
DA:9,1
DA:10,1
DA:11,1
DA:12,1
DA:13,1
DA:14,1
DA:15,1
DA:16,1
DA:17,1
DA:18,1
DA:19,1
DA:20,1
DA:21,1
DA:22,1
DA:23,1
DA:24,1
DA:25,1
DA:26,1
DA:27,1
DA:28,1
DA:29,1
DA:30,1
DA:31,1
DA:32,1
DA:33,1
DA:34,1
DA:35,1
DA:36,1
DA:37,1
DA:38,1
DA:39,1
DA:40,1
DA:41,1
DA:42,1
DA:43,1
DA:44,1
DA:45,1
DA:46,1
DA:47,1
DA:48,1
DA:49,1
DA:50,1
DA:51,1
DA:52,1
DA:53,1
DA:54,6
DA:55,6
DA:56,6
DA:57,6
DA:58,6
DA:59,6
DA:60,1
DA:61,1
DA:62,0
DA:63,0
DA:64,0
DA:65,0
DA:66,0
DA:67,0
DA:68,0
DA:69,0
DA:70,0
DA:71,0
DA:72,1
DA:73,1
DA:74,12
DA:75,12
DA:76,12
DA:77,12
DA:78,12
LF:78
LH:68
BRDA:53,0,0,6
BRDA:44,1,0,18
BRDA:74,2,0,12
BRF:3
BRH:3
end_of_record
TN:
SF:src\entities\RoomGame.ts
FN:19,RoomGame
FNF:1
FNH:1
FNDA:1,RoomGame
DA:1,1
DA:2,1
DA:3,1
DA:4,1
DA:5,1
DA:6,1
DA:7,1
DA:8,1
DA:9,1
DA:10,1
DA:11,1
DA:12,1
DA:13,1
DA:14,1
DA:15,1
DA:16,1
DA:17,1
DA:18,1
DA:19,1
DA:20,1
DA:21,1
DA:22,1
DA:23,1
LF:23
LH:23
BRDA:19,0,0,1
BRF:1
BRH:1
end_of_record
TN:
SF:src\entities\RoomType.ts
FN:15,RoomType
FNF:1
FNH:1
FNDA:2,RoomType
DA:1,1
DA:2,1
DA:3,1
DA:4,1
DA:5,1
DA:6,1
DA:7,1
DA:8,1
DA:9,1
DA:10,1
DA:11,1
DA:12,1
DA:13,1
DA:14,1
DA:15,1
DA:16,2
DA:17,2
DA:18,2
DA:19,1
LF:19
LH:19
BRDA:15,0,0,2
BRF:1
BRH:1
end_of_record
TN:
SF:src\entities\User.ts
FN:26,User
FN:33,castToUserRole
FNF:2
FNH:1
FNDA:9,User
FNDA:0,castToUserRole
DA:1,1
DA:2,1
DA:3,1
DA:4,1
DA:5,1
DA:6,1
DA:7,1
DA:8,1
DA:9,1
DA:10,1
DA:11,1
DA:12,1
DA:13,1
DA:14,1
DA:15,1
DA:16,1
DA:17,1
DA:18,1
DA:19,1
DA:20,1
DA:21,1
DA:22,1
DA:23,1
DA:24,1
DA:25,1
DA:26,1
DA:27,9
DA:28,9
DA:29,9
DA:30,9
DA:31,9
DA:32,1
DA:33,1
DA:34,0
DA:35,0
DA:36,0
DA:37,0
DA:38,0
DA:39,0
DA:40,0
DA:41,0
DA:42,0
DA:43,0
DA:44,1
DA:45,1
DA:46,1
DA:47,12
DA:48,12
DA:49,12
DA:50,12
DA:51,12
LF:51
LH:41
BRDA:26,0,0,9
BRDA:23,1,0,18
BRDA:47,2,0,12
BRF:3
BRH:3
end_of_record
TN:
SF:src\entities\index.ts
FNF:0
FNH:0
DA:1,1
DA:2,1
DA:3,1
DA:4,1
DA:5,1
DA:6,1
DA:7,1
LF:7
LH:7
BRF:0
BRH:0
end_of_record
TN:
SF:src\errors\api\ApiError.ts
FN:4,ApiError
FN:9,serializeError
FNF:2
FNH:2
FNDA:5,ApiError
FNDA:3,serializeError
DA:1,1
DA:2,1
DA:3,1
DA:4,1
DA:5,5
DA:6,5
DA:7,5
DA:8,1
DA:9,1
DA:10,3
DA:11,3
DA:12,1
LF:12
LH:12
BRDA:4,0,0,5
BRDA:9,1,0,3
BRF:2
BRH:2
end_of_record
TN:
SF:src\errors\api\BadRequestError.ts
FN:5,BadRequestError
FNF:1
FNH:1
FNDA:3,BadRequestError
DA:1,1
DA:2,1
DA:3,1
DA:4,1
DA:5,1
DA:6,3
DA:7,3
DA:8,1
LF:8
LH:8
BRDA:5,0,0,3
BRF:1
BRH:1
end_of_record
TN:
SF:src\errors\api\ResourceNotFoundError.ts
FN:5,ResourceNotFoundError
FNF:1
FNH:0
FNDA:0,ResourceNotFoundError
DA:1,1
DA:2,1
DA:3,1
DA:4,1
DA:5,1
DA:6,0
DA:7,0
DA:8,1
LF:8
LH:6
BRF:0
BRH:0
end_of_record
TN:
SF:src\errors\api\RouteNotFoundError.ts
FN:5,RouteNotFoundError
FNF:1
FNH:0
FNDA:0,RouteNotFoundError
DA:1,1
DA:2,1
DA:3,1
DA:4,1
DA:5,1
DA:6,0
DA:7,0
DA:8,1
LF:8
LH:6
BRF:0
BRH:0
end_of_record
TN:
SF:src\errors\api\ServerSideError.ts
FN:6,ServerSideError
FNF:1
FNH:1
FNDA:1,ServerSideError
DA:1,1
DA:2,1
DA:3,1
DA:4,1
DA:5,1
DA:6,1
DA:7,1
DA:8,1
DA:9,1
DA:10,1
LF:10
LH:10
BRDA:6,0,0,1
BRF:1
BRH:1
end_of_record
TN:
SF:src\errors\api\UnauthorizedError.ts
FN:5,UnauthorizedError
FNF:1
FNH:1
FNDA:1,UnauthorizedError
DA:1,1
DA:2,1
DA:3,1
DA:4,1
DA:5,1
DA:6,1
DA:7,1
DA:8,1
LF:8
LH:8
BRDA:5,0,0,1
BRF:1
BRH:1
end_of_record
TN:
SF:src\errors\api\index.ts
FNF:0
FNH:0
DA:1,1
DA:2,1
DA:3,1
DA:4,1
DA:5,1
DA:6,1
LF:6
LH:6
BRF:0
BRH:0
end_of_record
TN:
SF:src\errors\bdd\BddError.ts
FN:5,BddError
FN:11,serializeError
FNF:2
FNH:1
FNDA:10,BddError
FNDA:0,serializeError
DA:1,1
DA:2,1
DA:3,1
DA:4,1
DA:5,1
DA:6,10
DA:7,10
DA:8,10
DA:9,10
DA:10,1
DA:11,1
DA:12,0
DA:13,0
DA:14,1
LF:14
LH:12
BRDA:5,0,0,10
BRF:1
BRH:1
end_of_record
TN:
SF:src\errors\bdd\EntityNotFoundError.ts
FN:4,EntityNotFoundError
FNF:1
FNH:1
FNDA:5,EntityNotFoundError
DA:1,1
DA:2,1
DA:3,1
DA:4,1
DA:5,5
DA:6,5
DA:7,1
LF:7
LH:7
BRDA:4,0,0,5
BRF:1
BRH:1
end_of_record
TN:
SF:src\errors\bdd\ValidationDataError.ts
FN:4,ValidationDataError
FNF:1
FNH:1
FNDA:5,ValidationDataError
DA:1,1
DA:2,1
DA:3,1
DA:4,1
DA:5,5
DA:6,5
DA:7,1
LF:7
LH:7
BRDA:4,0,0,5
BRF:1
BRH:1
end_of_record
TN:
SF:src\errors\bdd\index.ts
FNF:0
FNH:0
DA:1,1
DA:2,1
DA:3,1
LF:3
LH:3
BRF:0
BRH:0
end_of_record
TN:
SF:src\middlewares\auth.middleware.ts
FN:5,tokenGeneration
FN:10,authVerification
FNF:2
FNH:2
FNDA:2,tokenGeneration
FNDA:3,authVerification
DA:1,1
DA:2,1
DA:3,1
DA:4,1
DA:5,2
DA:6,2
DA:7,2
DA:8,2
DA:9,1
DA:10,3
DA:11,3
DA:12,2
DA:13,3
DA:14,1
DA:15,1
DA:16,1
LF:16
LH:16
BRDA:5,0,0,2
BRDA:10,1,0,3
BRDA:11,2,0,1
BRDA:12,3,0,2
BRDA:13,4,0,1
BRF:5
BRH:5
end_of_record
TN:
SF:src\middlewares\error.middleware.ts
FN:5,errorHandler
FNF:1
FNH:1
FNDA:2,errorHandler
DA:1,1
DA:2,1
DA:3,1
DA:4,1
DA:5,2
DA:6,2
DA:7,2
DA:8,2
DA:9,1
DA:10,2
DA:11,2
DA:12,2
DA:13,2
DA:14,2
DA:15,2
DA:16,2
DA:17,2
LF:17
LH:17
BRDA:5,0,0,2
BRDA:6,1,0,2
BRDA:8,2,0,1
BRDA:10,3,0,1
BRDA:10,4,0,1
BRF:5
BRH:5
end_of_record
TN:
SF:src\middlewares\index.ts
FNF:0
FNH:0
DA:1,1
DA:2,1
DA:3,1
DA:4,1
LF:4
LH:4
BRF:0
BRH:0
end_of_record
TN:
SF:src\middlewares\param.middleware.ts
FN:4,checkId
FNF:1
FNH:1
FNDA:2,checkId
DA:1,1
DA:2,1
DA:3,1
DA:4,2
DA:5,2
DA:6,2
DA:7,1
DA:8,1
DA:9,1
DA:10,1
DA:11,1
LF:11
LH:11
BRDA:4,0,0,2
BRDA:6,1,0,1
BRDA:6,2,0,1
BRF:3
BRH:3
end_of_record
TN:
SF:src\middlewares\response.middleware.ts
FN:4,objectCreated
FN:9,returnData
FN:14,sendResponse
FNF:3
FNH:2
FNDA:1,objectCreated
FNDA:1,returnData
FNDA:0,sendResponse
DA:1,1
DA:2,1
DA:3,1
DA:4,1
DA:5,1
DA:6,1
DA:7,1
DA:8,1
DA:9,1
DA:10,1
DA:11,1
DA:12,1
DA:13,1
DA:14,0
DA:15,0
DA:16,0
DA:17,0
DA:18,0
DA:19,0
DA:20,0
DA:21,0
LF:21
LH:13
BRDA:4,0,0,1
BRDA:9,1,0,1
BRF:2
BRH:2
end_of_record
TN:
SF:src\services\BddService.ts
FN:20,BddService
FN:27,createAllEntityService
FN:37,getEntityServiceData
FN:45,get entityManager
FN:49,get gameService
FN:53,get playerService
FN:57,get userService
FN:61,get roomTypeService
FN:65,get eventService
FN:69,get roomGameService
FN:73,get buzzService
FN:77,get EntityManager
FNF:12
FNH:11
FNDA:9,BddService
FNDA:9,createAllEntityService
FNDA:63,getEntityServiceData
FNDA:0,get entityManager
FNDA:11,get gameService
FNDA:11,get playerService
FNDA:16,get userService
FNDA:5,get roomTypeService
FNDA:5,get eventService
FNDA:3,get roomGameService
FNDA:3,get buzzService
FNDA:1,get EntityManager
DA:1,1
DA:2,1
DA:3,1
DA:4,1
DA:5,1
DA:6,1
DA:7,1
DA:8,1
DA:9,1
DA:10,1
DA:11,1
DA:12,1
DA:13,1
DA:14,1
DA:15,1
DA:16,1
DA:17,1
DA:18,1
DA:19,1
DA:20,1
DA:21,9
DA:22,9
DA:23,9
DA:24,9
DA:25,9
DA:26,1
DA:27,1
DA:28,9
DA:29,9
DA:30,9
DA:31,9
DA:32,9
DA:33,9
DA:34,9
DA:35,9
DA:36,1
DA:37,1
DA:38,63
DA:39,63
DA:40,63
DA:41,63
DA:42,63
DA:43,63
DA:44,1
DA:45,1
DA:46,0
DA:47,0
DA:48,1
DA:49,1
DA:50,11
DA:51,11
DA:52,1
DA:53,1
DA:54,11
DA:55,11
DA:56,1
DA:57,1
DA:58,16
DA:59,16
DA:60,1
DA:61,1
DA:62,5
DA:63,5
DA:64,1
DA:65,1
DA:66,5
DA:67,5
DA:68,1
DA:69,1
DA:70,3
DA:71,3
DA:72,1
DA:73,1
DA:74,3
DA:75,3
DA:76,1
DA:77,1
DA:78,1
DA:79,1
DA:80,1
LF:80
LH:78
BRDA:20,0,0,9
BRDA:27,1,0,9
BRDA:37,2,0,63
BRDA:49,3,0,11
BRDA:53,4,0,11
BRDA:57,5,0,16
BRDA:61,6,0,5
BRDA:65,7,0,5
BRDA:69,8,0,3
BRDA:73,9,0,3
BRDA:77,10,0,1
BRF:11
BRH:11
end_of_record
TN:
SF:src\services\LoggerService.ts
FN:7,LoggerService
FN:11,getMiddlewareLog
FN:15,getRequestResponseLog
FN:19,getBddOperationLog
FN:23,getServiceLog
FN:27,logInfo
FN:30,logWarn
FN:33,logError
FNF:8
FNH:4
FNDA:12,LoggerService
FNDA:2,getMiddlewareLog
FNDA:0,getRequestResponseLog
FNDA:10,getBddOperationLog
FNDA:0,getServiceLog
FNDA:0,logInfo
FNDA:0,logWarn
FNDA:12,logError
DA:1,1
DA:2,1
DA:3,1
DA:4,1
DA:5,1
DA:6,1
DA:7,1
DA:8,12
DA:9,12
DA:10,1
DA:11,1
DA:12,2
DA:13,2
DA:14,1
DA:15,1
DA:16,0
DA:17,0
DA:18,1
DA:19,1
DA:20,10
DA:21,10
DA:22,1
DA:23,1
DA:24,0
DA:25,0
DA:26,1
DA:27,1
DA:28,0
DA:29,0
DA:30,1
DA:31,0
DA:32,0
DA:33,1
DA:34,12
DA:35,12
DA:36,1
LF:36
LH:28
BRDA:7,0,0,12
BRDA:11,1,0,2
BRDA:19,2,0,10
BRDA:33,3,0,12
BRF:4
BRH:4
end_of_record
TN:
SF:src\services\Service.ts
FN:5,Service
FN:10,get serviceName
FNF:2
FNH:1
FNDA:73,Service
FNDA:0,get serviceName
DA:1,1
DA:2,1
DA:3,1
DA:4,1
DA:5,1
DA:6,73
DA:7,73
DA:8,73
DA:9,1
DA:10,1
DA:11,0
DA:12,0
DA:13,1
LF:13
LH:11
BRDA:5,0,0,73
BRF:1
BRH:1
end_of_record
TN:
SF:src\services\index.ts
FNF:0
FNH:0
DA:1,1
DA:2,1
LF:2
LH:2
BRF:0
BRH:0
end_of_record
TN:
SF:src\services\entityServices\BuzzService.ts
FN:9,BuzzService
FN:13,createBuzz
FN:23,findBuzzById
FN:31,update
FNF:4
FNH:4
FNDA:9,BuzzService
FNDA:2,createBuzz
FNDA:3,findBuzzById
FNDA:1,update
DA:1,1
DA:2,1
DA:3,1
DA:4,1
DA:5,1
DA:6,1
DA:7,1
DA:8,1
DA:9,1
DA:10,9
DA:11,9
DA:12,1
DA:13,1
DA:14,2
DA:15,2
DA:16,2
DA:17,1
DA:18,1
DA:19,1
DA:20,1
DA:21,2
DA:22,1
DA:23,1
DA:24,3
DA:25,3
DA:26,3
DA:27,1
DA:28,1
DA:29,3
DA:30,1
DA:31,1
DA:32,1
DA:33,1
DA:34,1
DA:35,1
DA:36,1
DA:37,1
DA:38,1
DA:39,1
DA:40,1
DA:41,1
DA:42,1
DA:43,0
DA:44,0
DA:45,1
DA:46,1
LF:46
LH:44
BRDA:9,0,0,9
BRDA:13,1,0,2
BRDA:17,2,0,1
BRDA:23,3,0,3
BRDA:26,4,0,1
BRDA:31,5,0,1
BRDA:42,6,0,0
BRF:7
BRH:6
end_of_record
TN:
SF:src\services\entityServices\EntityService.ts
FN:16,EntityService
FN:23,handleOperationError
FN:35,get EntityName
FN:39,deleteById
FNF:4
FNH:4
FNDA:64,EntityService
FNDA:10,handleOperationError
FNDA:10,get EntityName
FNDA:24,deleteById
DA:1,1
DA:2,1
DA:3,1
DA:4,1
DA:5,1
DA:6,1
DA:7,1
DA:8,1
DA:9,1
DA:10,1
DA:11,1
DA:12,1
DA:13,1
DA:14,1
DA:15,1
DA:16,1
DA:17,64
DA:18,64
DA:19,64
DA:20,64
DA:21,64
DA:22,1
DA:23,1
DA:24,10
DA:25,10
DA:26,10
DA:27,5
DA:28,5
DA:29,5
DA:30,10
DA:31,10
DA:32,5
DA:33,10
DA:34,1
DA:35,1
DA:36,10
DA:37,10
DA:38,1
DA:39,1
DA:40,24
DA:41,24
DA:42,24
DA:43,0
DA:44,0
DA:45,24
DA:46,1
LF:46
LH:44
BRDA:16,0,0,64
BRDA:23,1,0,10
BRDA:26,2,0,5
BRDA:31,3,0,5
BRDA:35,4,0,10
BRDA:39,5,0,24
BRDA:42,6,0,0
BRF:7
BRH:6
end_of_record
TN:
SF:src\services\entityServices\EventService.ts
FN:15,EventService
FN:19,createEvent
FN:29,findEventById
FN:40,findEventByGame
FN:48,updateEvent
FN:64,getCurrentEvents
FNF:6
FNH:6
FNDA:9,EventService
FNDA:3,createEvent
FNDA:3,findEventById
FNDA:2,findEventByGame
FNDA:1,updateEvent
FNDA:1,getCurrentEvents
DA:1,1
DA:2,1
DA:3,1
DA:4,1
DA:5,1
DA:6,1
DA:7,1
DA:8,1
DA:9,1
DA:10,1
DA:11,1
DA:12,1
DA:13,1
DA:14,1
DA:15,1
DA:16,9
DA:17,9
DA:18,1
DA:19,1
DA:20,3
DA:21,3
DA:22,3
DA:23,2
DA:24,2
DA:25,1
DA:26,1
DA:27,3
DA:28,1
DA:29,1
DA:30,3
DA:31,3
DA:32,3
DA:33,3
DA:34,3
DA:35,3
DA:36,1
DA:37,1
DA:38,3
DA:39,1
DA:40,1
DA:41,2
DA:42,2
DA:43,2
DA:44,0
DA:45,0
DA:46,2
DA:47,1
DA:48,1
DA:49,1
DA:50,1
DA:51,1
DA:52,1
DA:53,0
DA:54,0
DA:55,1
DA:56,1
DA:57,1
DA:58,1
DA:59,1
DA:60,0
DA:61,0
DA:62,1
DA:63,1
DA:64,1
DA:65,1
DA:66,1
DA:67,1
DA:68,1
DA:69,1
DA:70,0
DA:71,0
DA:72,1
DA:73,1
LF:73
LH:65
BRDA:15,0,0,9
BRDA:19,1,0,3
BRDA:23,2,0,2
BRDA:24,3,0,1
BRDA:29,4,0,3
BRDA:35,5,0,1
BRDA:40,6,0,2
BRDA:43,7,0,0
BRDA:48,8,0,1
BRDA:52,9,0,0
BRDA:59,10,0,0
BRDA:64,11,0,1
BRDA:69,12,0,0
BRDA:67,13,0,1
BRF:14
BRH:10
end_of_record
TN:
SF:src\services\entityServices\GameService.ts
FN:8,GameService
FN:12,createGame
FN:22,findGameById
FN:30,findGameByCode
FNF:4
FNH:4
FNDA:9,GameService
FNDA:6,createGame
FNDA:2,findGameById
FNDA:1,findGameByCode
DA:1,1
DA:2,1
DA:3,1
DA:4,1
DA:5,1
DA:6,1
DA:7,1
DA:8,1
DA:9,9
DA:10,9
DA:11,1
DA:12,1
DA:13,6
DA:14,6
DA:15,6
DA:16,5
DA:17,5
DA:18,1
DA:19,1
DA:20,6
DA:21,1
DA:22,1
DA:23,2
DA:24,2
DA:25,2
DA:26,1
DA:27,1
DA:28,2
DA:29,1
DA:30,1
DA:31,1
DA:32,1
DA:33,1
DA:34,0
DA:35,0
DA:36,1
DA:37,1
LF:37
LH:35
BRDA:8,0,0,9
BRDA:12,1,0,6
BRDA:16,2,0,5
BRDA:17,3,0,1
BRDA:22,4,0,2
BRDA:25,5,0,1
BRDA:30,6,0,1
BRDA:33,7,0,0
BRF:8
BRH:7
end_of_record
TN:
SF:src\services\entityServices\PlayerService.ts
FN:9,PlayerService
FN:13,createPlayer
FN:23,findPlayerById
FN:31,findPlayerByUser
FN:45,findPlayersByGame
FN:53,getPlayerSecrets
FN:66,secretDiscovered
FNF:7
FNH:7
FNDA:9,PlayerService
FNDA:6,createPlayer
FNDA:3,findPlayerById
FNDA:1,findPlayerByUser
FNDA:1,findPlayersByGame
FNDA:2,getPlayerSecrets
FNDA:1,secretDiscovered
DA:1,1
DA:2,1
DA:3,1
DA:4,1
DA:5,1
DA:6,1
DA:7,1
DA:8,1
DA:9,1
DA:10,9
DA:11,9
DA:12,1
DA:13,1
DA:14,6
DA:15,6
DA:16,6
DA:17,5
DA:18,5
DA:19,1
DA:20,1
DA:21,6
DA:22,1
DA:23,1
DA:24,3
DA:25,3
DA:26,3
DA:27,1
DA:28,1
DA:29,3
DA:30,1
DA:31,1
DA:32,1
DA:33,1
DA:34,1
DA:35,1
DA:36,1
DA:37,1
DA:38,1
DA:39,1
DA:40,1
DA:41,0
DA:42,0
DA:43,1
DA:44,1
DA:45,1
DA:46,1
DA:47,1
DA:48,1
DA:49,0
DA:50,0
DA:51,1
DA:52,1
DA:53,1
DA:54,2
DA:55,2
DA:56,2
DA:57,2
DA:58,2
DA:59,2
DA:60,2
DA:61,2
DA:62,0
DA:63,0
DA:64,2
DA:65,1
DA:66,1
DA:67,1
DA:68,1
DA:69,1
DA:70,1
DA:71,1
DA:72,1
DA:73,1
DA:74,1
DA:75,0
DA:76,0
DA:77,1
DA:78,1
LF:78
LH:70
BRDA:9,0,0,9
BRDA:13,1,0,6
BRDA:17,2,0,5
BRDA:18,3,0,1
BRDA:23,4,0,3
BRDA:26,5,0,1
BRDA:31,6,0,1
BRDA:40,7,0,0
BRDA:45,8,0,1
BRDA:48,9,0,0
BRDA:53,10,0,2
BRDA:61,11,0,0
BRDA:56,12,0,2
BRDA:57,13,0,1
BRDA:57,14,0,1
BRDA:66,15,0,1
BRDA:69,16,0,0
BRDA:74,17,0,0
BRF:18
BRH:13
end_of_record
TN:
SF:src\services\entityServices\RoomGameService.ts
FN:8,RoomGameService
FN:12,createRoomGame
FN:22,findRoomsByGame
FNF:3
FNH:3
FNDA:9,RoomGameService
FNDA:1,createRoomGame
FNDA:1,findRoomsByGame
DA:1,1
DA:2,1
DA:3,1
DA:4,1
DA:5,1
DA:6,1
DA:7,1
DA:8,1
DA:9,9
DA:10,9
DA:11,1
DA:12,1
DA:13,1
DA:14,1
DA:15,1
DA:16,1
DA:17,1
DA:18,0
DA:19,0
DA:20,1
DA:21,1
DA:22,1
DA:23,1
DA:24,1
DA:25,1
DA:26,1
DA:27,1
DA:28,1
DA:29,1
DA:30,1
DA:31,1
DA:32,0
DA:33,0
DA:34,1
DA:35,1
LF:35
LH:31
BRDA:8,0,0,9
BRDA:12,1,0,1
BRDA:17,2,0,0
BRDA:22,3,0,1
BRDA:31,4,0,0
BRF:5
BRH:3
end_of_record
TN:
SF:src\services\entityServices\RoomTypeService.ts
FN:8,RoomTypeService
FN:12,createRoomType
FN:22,findAll
FN:30,findRoomTypeById
FNF:4
FNH:4
FNDA:9,RoomTypeService
FNDA:2,createRoomType
FNDA:1,findAll
FNDA:1,findRoomTypeById
DA:1,1
DA:2,1
DA:3,1
DA:4,1
DA:5,1
DA:6,1
DA:7,1
DA:8,1
DA:9,9
DA:10,9
DA:11,1
DA:12,1
DA:13,2
DA:14,2
DA:15,2
DA:16,2
DA:17,2
DA:18,0
DA:19,0
DA:20,2
DA:21,1
DA:22,1
DA:23,1
DA:24,1
DA:25,1
DA:26,0
DA:27,0
DA:28,1
DA:29,1
DA:30,1
DA:31,1
DA:32,1
DA:33,1
DA:34,0
DA:35,0
DA:36,1
DA:37,1
LF:37
LH:31
BRDA:8,0,0,9
BRDA:12,1,0,2
BRDA:17,2,0,0
BRDA:22,3,0,1
BRDA:25,4,0,0
BRDA:30,5,0,1
BRDA:33,6,0,0
BRF:7
BRH:4
end_of_record
TN:
SF:src\services\entityServices\UserService.ts
FN:9,UserService
FN:13,createUser
FN:24,findUserById
FN:32,findUserByEmail
FNF:4
FNH:4
FNDA:10,UserService
FNDA:9,createUser
FNDA:2,findUserById
FNDA:2,findUserByEmail
DA:1,1
DA:2,1
DA:3,1
DA:4,1
DA:5,1
DA:6,1
DA:7,1
DA:8,1
DA:9,1
DA:10,10
DA:11,10
DA:12,1
DA:13,1
DA:14,9
DA:15,9
DA:16,9
DA:17,9
DA:18,8
DA:19,8
DA:20,1
DA:21,1
DA:22,9
DA:23,1
DA:24,1
DA:25,2
DA:26,2
DA:27,2
DA:28,1
DA:29,1
DA:30,2
DA:31,1
DA:32,1
DA:33,2
DA:34,2
DA:35,2
DA:36,0
DA:37,0
DA:38,2
DA:39,1
LF:39
LH:37
BRDA:9,0,0,10
BRDA:13,1,0,9
BRDA:18,2,0,8
BRDA:19,3,0,1
BRDA:24,4,0,2
BRDA:27,5,0,1
BRDA:32,6,0,2
BRDA:35,7,0,0
BRF:8
BRH:7
end_of_record
TN:
SF:src\services\entityServices\index.ts
FNF:0
FNH:0
DA:1,1
DA:2,1
DA:3,1
DA:4,1
DA:5,1
DA:6,1
DA:7,1
LF:7
LH:7
BRF:0
BRH:0
end_of_record
TN:
SF:src\types\api\enums\BddOperation.ts
FNF:0
FNH:0
DA:1,12
DA:2,12
DA:3,12
DA:4,12
DA:5,12
DA:6,12
LF:6
LH:6
BRDA:1,0,0,12
BRF:1
BRH:1
end_of_record
TN:
SF:src\types\api\enums\HttpMethod.ts
FNF:0
FNH:0
DA:1,12
DA:2,12
DA:3,12
DA:4,12
DA:5,12
DA:6,12
DA:7,12
DA:8,12
DA:9,12
DA:10,12
DA:11,12
LF:11
LH:11
BRDA:1,0,0,12
BRF:1
BRH:1
end_of_record
TN:
SF:src\types\api\enums\index.ts
FNF:0
FNH:0
DA:1,1
DA:2,1
LF:2
LH:2
BRF:0
BRH:0
end_of_record
TN:
SF:src\types\request\bodyData\BuzzData.ts
FN:6,castToBuzzData
FN:10,isBuzzData
FNF:2
FNH:2
FNDA:2,castToBuzzData
FNDA:2,isBuzzData
DA:1,1
DA:2,1
DA:3,1
DA:4,1
DA:5,1
DA:6,2
DA:7,2
DA:8,2
DA:9,2
DA:10,2
DA:11,2
DA:12,2
LF:12
LH:12
BRDA:6,0,0,2
BRDA:8,1,0,1
BRDA:8,2,0,1
BRDA:10,3,0,2
BRF:4
BRH:4
end_of_record
TN:
SF:src\types\request\bodyData\EventData.ts
FN:6,castToEventData
FN:10,isEventData
FNF:2
FNH:2
FNDA:2,castToEventData
FNDA:2,isEventData
DA:1,1
DA:2,1
DA:3,1
DA:4,1
DA:5,1
DA:6,2
DA:7,2
DA:8,2
DA:9,2
DA:10,2
DA:11,2
DA:12,2
LF:12
LH:12
BRDA:6,0,0,2
BRDA:8,1,0,1
BRDA:8,2,0,1
BRDA:10,3,0,2
BRDA:11,4,0,1
BRF:5
BRH:5
end_of_record
TN:
SF:src\types\request\bodyData\GameData.ts
FN:7,castToGameData
FN:11,isGameData
FNF:2
FNH:2
FNDA:2,castToGameData
FNDA:2,isGameData
DA:1,1
DA:2,1
DA:3,1
DA:4,1
DA:5,1
DA:6,1
DA:7,2
DA:8,2
DA:9,2
DA:10,2
DA:11,2
DA:12,2
DA:13,2
DA:14,2
LF:14
LH:14
BRDA:7,0,0,2
BRDA:9,1,0,1
BRDA:9,2,0,1
BRDA:11,3,0,2
BRF:4
BRH:4
end_of_record
TN:
SF:src\types\request\bodyData\LoginData.ts
FN:6,castToLoginData
FN:10,isLoginData
FNF:2
FNH:2
FNDA:2,castToLoginData
FNDA:2,isLoginData
DA:1,1
DA:2,1
DA:3,1
DA:4,1
DA:5,1
DA:6,2
DA:7,2
DA:8,2
DA:9,2
DA:10,2
DA:11,2
DA:12,2
LF:12
LH:12
BRDA:6,0,0,2
BRDA:8,1,0,0
BRDA:10,2,0,2
BRF:3
BRH:2
end_of_record
TN:
SF:src\types\request\bodyData\PlayerData.ts
FN:8,castToPlayerData
FN:12,isPlayerData
FNF:2
FNH:2
FNDA:2,castToPlayerData
FNDA:2,isPlayerData
DA:1,1
DA:2,1
DA:3,1
DA:4,1
DA:5,1
DA:6,1
DA:7,1
DA:8,2
DA:9,2
DA:10,2
DA:11,2
DA:12,2
DA:13,2
DA:14,2
DA:15,2
LF:15
LH:15
BRDA:8,0,0,2
BRDA:10,1,0,1
BRDA:10,2,0,1
BRDA:12,3,0,2
BRDA:13,4,0,1
BRDA:14,5,0,1
BRF:6
BRH:6
end_of_record
TN:
SF:src\types\request\bodyData\RoomGameData.ts
FN:5,castToRoomGameData
FN:10,isRoomGameData
FNF:2
FNH:0
FNDA:0,castToRoomGameData
FNDA:0,isRoomGameData
DA:1,1
DA:2,1
DA:3,1
DA:4,1
DA:5,0
DA:6,0
DA:7,0
DA:8,0
DA:9,1
DA:10,0
DA:11,0
DA:12,0
LF:12
LH:5
BRF:0
BRH:0
end_of_record
TN:
SF:src\types\request\bodyData\RoomTypeData.ts
FN:6,castToRoomTypeData
FN:10,isRoomTypeData
FNF:2
FNH:2
FNDA:1,castToRoomTypeData
FNDA:1,isRoomTypeData
DA:1,1
DA:2,1
DA:3,1
DA:4,1
DA:5,1
DA:6,1
DA:7,1
DA:8,1
DA:9,1
DA:10,1
DA:11,1
DA:12,1
LF:12
LH:12
BRDA:6,0,0,1
BRDA:8,1,0,0
BRDA:10,2,0,1
BRF:3
BRH:2
end_of_record
TN:
SF:src\types\request\bodyData\UserData.ts
FN:7,castToUserData
FN:12,isUserData
FNF:2
FNH:2
FNDA:3,castToUserData
FNDA:3,isUserData
DA:1,1
DA:2,1
DA:3,1
DA:4,1
DA:5,1
DA:6,1
DA:7,3
DA:8,3
DA:9,3
DA:10,3
DA:11,1
DA:12,3
DA:13,3
DA:14,3
DA:15,3
DA:16,3
LF:16
LH:16
BRDA:7,0,0,3
BRDA:9,1,0,2
BRDA:9,2,0,1
BRDA:12,3,0,3
BRF:4
BRH:4
end_of_record
TN:
SF:src\types\request\bodyData\index.ts
FNF:0
FNH:0
DA:1,1
DA:2,1
DA:3,1
DA:4,1
DA:5,1
DA:6,1
DA:7,1
LF:7
LH:7
BRF:0
BRH:0
end_of_record
TN:
SF:src\utils\TokenUtils.ts
FN:6,generateToken
FN:11,verifyToken
FNF:2
FNH:2
FNDA:4,generateToken
FNDA:4,verifyToken
DA:1,1
DA:2,1
DA:3,1
DA:4,1
DA:5,1
DA:6,1
DA:7,4
DA:8,4
DA:9,4
DA:10,1
DA:11,1
DA:12,4
DA:13,4
DA:14,4
DA:15,4
DA:16,2
DA:17,2
DA:18,4
DA:19,1
LF:19
LH:19
BRDA:6,0,0,4
BRDA:11,1,0,4
BRDA:15,2,0,2
BRF:3
BRH:3
end_of_record
TN:
SF:src\utils\index.ts
FN:3,generateGameCode
FNF:1
FNH:1
FNDA:1,generateGameCode
DA:1,1
DA:2,1
DA:3,1
DA:4,1
DA:5,1
DA:6,1
LF:6
LH:6
BRDA:3,0,0,1
BRF:1
BRH:1
end_of_record
TN:
SF:tests\configs\mikro-orm.config.ts
FN:13,options
FNF:1
FNH:1
FNDA:9,options
DA:1,1
DA:2,1
DA:3,1
DA:4,1
DA:5,1
DA:6,1
DA:7,1
DA:8,1
DA:9,1
DA:10,1
DA:11,1
DA:12,1
DA:13,1
DA:14,9
DA:15,9
DA:16,9
DA:17,9
DA:18,9
DA:19,9
DA:20,9
DA:21,9
DA:22,9
DA:23,9
DA:24,9
DA:25,9
DA:26,9
DA:27,1
DA:28,1
LF:28
LH:28
BRDA:13,0,0,9
BRF:1
BRH:1
end_of_record
TN:
SF:tests\integrations\setup\bdd.setup.ts
FN:8,initOrm
FN:15,getEntityServiceData
FN:19,initBddService
FNF:3
FNH:3
FNDA:9,initOrm
FNDA:1,getEntityServiceData
FNDA:7,initBddService
DA:1,1
DA:2,1
DA:3,1
DA:4,1
DA:5,1
DA:6,1
DA:7,1
DA:8,1
DA:9,9
DA:10,9
DA:11,9
DA:12,1
DA:13,1
DA:14,1
DA:15,1
DA:16,1
DA:17,1
DA:18,1
DA:19,1
DA:20,7
DA:21,7
DA:22,7
LF:22
LH:22
BRDA:8,0,0,9
BRDA:15,1,0,1
BRDA:19,2,0,7
BRF:3
BRH:3
end_of_record
TN:
SF:tests\integrations\setup\index.ts
FN:10,getPlayerData
FN:14,getUserData
FN:18,getGameData
FN:23,getEventData
FN:27,getRoomTypeData
FNF:5
FNH:5
FNDA:4,getPlayerData
FNDA:7,getUserData
FNDA:4,getGameData
FNDA:1,getEventData
FNDA:1,getRoomTypeData
DA:1,1
DA:2,1
DA:3,1
DA:4,1
DA:5,1
DA:6,1
DA:7,1
DA:8,1
DA:9,1
DA:10,4
DA:11,4
DA:12,4
DA:13,1
DA:14,7
DA:15,7
DA:16,7
DA:17,1
DA:18,4
DA:19,4
DA:20,4
DA:21,4
DA:22,1
DA:23,1
DA:24,1
DA:25,1
DA:26,1
DA:27,1
DA:28,1
DA:29,1
LF:29
LH:29
BRDA:10,0,0,4
BRDA:14,1,0,7
BRDA:18,2,0,4
BRDA:23,3,0,1
BRDA:27,4,0,1
BRF:5
BRH:5
end_of_record
TN:
SF:tests\integrations\setup\route.setup.ts
FN:4,getMockMiddleware
FN:20,getToken
FN:24,getUserPayload
FN:28,getResponsePayload
FNF:4
FNH:3
FNDA:3,getMockMiddleware
FNDA:0,getToken
FNDA:5,getUserPayload
FNDA:3,getResponsePayload
DA:1,1
DA:2,1
DA:3,1
DA:4,3
DA:5,3
DA:6,3
DA:7,3
DA:8,3
DA:9,3
DA:10,3
DA:11,3
DA:12,3
DA:13,3
DA:14,3
DA:15,3
DA:16,3
DA:17,3
DA:18,3
DA:19,1
DA:20,0
DA:21,0
DA:22,0
DA:23,1
DA:24,5
DA:25,5
DA:26,5
DA:27,1
DA:28,3
DA:29,3
DA:30,3
LF:30
LH:27
BRDA:4,0,0,3
BRDA:24,1,0,5
BRDA:28,2,0,3
BRF:3
BRH:3
end_of_record
