TN:
SF:src\configs\winston-logger.config.ts
FN:4,options
FNF:1
FNH:1
FNDA:11,options
DA:1,1
DA:2,1
DA:3,1
DA:4,1
DA:5,11
DA:6,11
DA:7,11
DA:8,11
DA:9,11
DA:10,11
DA:11,11
DA:12,11
DA:13,11
DA:14,1
DA:15,1
LF:15
LH:15
BRDA:4,0,0,11
BRF:1
BRH:1
end_of_record
TN:
SF:src\controllers\AuthController.ts
FN:8,AuthController
FN:12,registerUser
FN:30,logUser
FN:47,testToken
FNF:4
FNH:0
FNDA:0,AuthController
FNDA:0,registerUser
FNDA:0,logUser
FNDA:0,testToken
DA:1,1
DA:2,1
DA:3,1
DA:4,1
DA:5,1
DA:6,1
DA:7,1
DA:8,1
DA:9,0
DA:10,0
DA:11,1
DA:12,1
DA:13,0
DA:14,0
DA:15,0
DA:16,0
DA:17,0
DA:18,0
DA:19,0
DA:20,0
DA:21,0
DA:22,0
DA:23,0
DA:24,0
DA:25,0
DA:26,0
DA:27,0
DA:28,0
DA:29,1
DA:30,1
DA:31,0
DA:32,0
DA:33,0
DA:34,0
DA:35,0
DA:36,0
DA:37,0
DA:38,0
DA:39,0
DA:40,0
DA:41,0
DA:42,0
DA:43,0
DA:44,0
DA:45,0
DA:46,1
DA:47,1
DA:48,0
DA:49,0
DA:50,0
DA:51,1
LF:51
LH:15
BRF:0
BRH:0
end_of_record
TN:
SF:src\controllers\Controller.ts
FN:14,Controller
FN:19,handleMiddleWareError
FNF:2
FNH:0
FNDA:0,Controller
FNDA:0,handleMiddleWareError
DA:1,1
DA:2,1
DA:3,1
DA:4,1
DA:5,1
DA:6,1
DA:7,1
DA:8,1
DA:9,1
DA:10,1
DA:11,1
DA:12,1
DA:13,1
DA:14,1
DA:15,0
DA:16,0
DA:17,0
DA:18,1
DA:19,1
DA:20,0
DA:21,0
DA:22,0
DA:23,0
DA:24,0
DA:25,0
DA:26,0
DA:27,1
LF:27
LH:17
BRF:0
BRH:0
end_of_record
TN:
SF:src\controllers\GameController.ts
FN:11,GameController
FN:15,createGame
FN:30,getGame
FN:40,getGamePlayers
FN:50,getGameRooms
FN:60,getGameEvents
FN:70,getGameSecrets
FNF:7
FNH:0
FNDA:0,GameController
FNDA:0,createGame
FNDA:0,getGame
FNDA:0,getGamePlayers
FNDA:0,getGameRooms
FNDA:0,getGameEvents
FNDA:0,getGameSecrets
DA:1,1
DA:2,1
DA:3,1
DA:4,1
DA:5,1
DA:6,1
DA:7,1
DA:8,1
DA:9,1
DA:10,1
DA:11,1
DA:12,0
DA:13,0
DA:14,1
DA:15,1
DA:16,0
DA:17,0
DA:18,0
DA:19,0
DA:20,0
DA:21,0
DA:22,0
DA:23,0
DA:24,0
DA:25,0
DA:26,0
DA:27,0
DA:28,0
DA:29,1
DA:30,1
DA:31,0
DA:32,0
DA:33,0
DA:34,0
DA:35,0
DA:36,0
DA:37,0
DA:38,0
DA:39,1
DA:40,1
DA:41,0
DA:42,0
DA:43,0
DA:44,0
DA:45,0
DA:46,0
DA:47,0
DA:48,0
DA:49,1
DA:50,1
DA:51,0
DA:52,0
DA:53,0
DA:54,0
DA:55,0
DA:56,0
DA:57,0
DA:58,0
DA:59,1
DA:60,1
DA:61,0
DA:62,0
DA:63,0
DA:64,0
DA:65,0
DA:66,0
DA:67,0
DA:68,0
DA:69,1
DA:70,1
DA:71,0
DA:72,0
DA:73,0
DA:74,0
DA:75,0
DA:76,0
DA:77,0
DA:78,0
DA:79,1
LF:79
LH:24
BRF:0
BRH:0
end_of_record
TN:
SF:src\controllers\PlayerController.ts
FN:10,PlayerController
FN:14,createPlayer
FN:29,getPlayer
FNF:3
FNH:0
FNDA:0,PlayerController
FNDA:0,createPlayer
FNDA:0,getPlayer
DA:1,1
DA:2,1
DA:3,1
DA:4,1
DA:5,1
DA:6,1
DA:7,1
DA:8,1
DA:9,1
DA:10,1
DA:11,0
DA:12,0
DA:13,1
DA:14,1
DA:15,0
DA:16,0
DA:17,0
DA:18,0
DA:19,0
DA:20,0
DA:21,0
DA:22,0
DA:23,0
DA:24,0
DA:25,0
DA:26,0
DA:27,0
DA:28,1
DA:29,1
DA:30,0
DA:31,0
DA:32,0
DA:33,0
DA:34,0
DA:35,0
DA:36,0
DA:37,0
DA:38,1
LF:38
LH:15
BRF:0
BRH:0
end_of_record
TN:
SF:src\controllers\RoomGameController.ts
FN:8,RoomGameController
FN:12,createRoomGame
FNF:2
FNH:0
FNDA:0,RoomGameController
FNDA:0,createRoomGame
DA:1,1
DA:2,1
DA:3,1
DA:4,1
DA:5,1
DA:6,1
DA:7,1
DA:8,1
DA:9,0
DA:10,0
DA:11,1
DA:12,1
DA:13,0
DA:14,0
DA:15,0
DA:16,0
DA:17,0
DA:18,0
DA:19,0
DA:20,0
DA:21,0
DA:22,1
LF:22
LH:11
BRF:0
BRH:0
end_of_record
TN:
SF:src\controllers\RoomTypeController.ts
FN:10,RoomTypeController
FN:14,createRoomType
FN:25,getAllRoomTypes
FN:34,getRoomType
FNF:4
FNH:0
FNDA:0,RoomTypeController
FNDA:0,createRoomType
FNDA:0,getAllRoomTypes
FNDA:0,getRoomType
DA:1,1
DA:2,1
DA:3,1
DA:4,1
DA:5,1
DA:6,1
DA:7,1
DA:8,1
DA:9,1
DA:10,1
DA:11,0
DA:12,0
DA:13,1
DA:14,1
DA:15,0
DA:16,0
DA:17,0
DA:18,0
DA:19,0
DA:20,0
DA:21,0
DA:22,0
DA:23,0
DA:24,1
DA:25,1
DA:26,0
DA:27,0
DA:28,0
DA:29,0
DA:30,0
DA:31,0
DA:32,0
DA:33,1
DA:34,1
DA:35,0
DA:36,0
DA:37,0
DA:38,0
DA:39,0
DA:40,0
DA:41,0
DA:42,0
DA:43,1
LF:43
LH:17
BRF:0
BRH:0
end_of_record
TN:
SF:src\controllers\index.ts
FNF:0
FNH:0
DA:1,1
DA:2,1
DA:3,1
DA:4,1
DA:5,1
DA:6,1
LF:6
LH:6
BRF:0
BRH:0
end_of_record
TN:
SF:src\controllers\eventControllers\BuzzController.ts
FN:9,BuzzController
FN:13,createBuzz
FN:33,getBuzz
FN:43,updateBuzz
FNF:4
FNH:0
FNDA:0,BuzzController
FNDA:0,createBuzz
FNDA:0,getBuzz
FNDA:0,updateBuzz
DA:1,1
DA:2,1
DA:3,1
DA:4,1
DA:5,1
DA:6,1
DA:7,1
DA:8,1
DA:9,1
DA:10,0
DA:11,0
DA:12,1
DA:13,1
DA:14,0
DA:15,0
DA:16,0
DA:17,0
DA:18,0
DA:19,0
DA:20,0
DA:21,0
DA:22,0
DA:23,0
DA:24,0
DA:25,0
DA:26,0
DA:27,0
DA:28,0
DA:29,0
DA:30,0
DA:31,0
DA:32,1
DA:33,1
DA:34,0
DA:35,0
DA:36,0
DA:37,0
DA:38,0
DA:39,0
DA:40,0
DA:41,0
DA:42,1
DA:43,1
DA:44,0
DA:45,0
DA:46,0
DA:47,0
DA:48,0
DA:49,0
DA:50,0
DA:51,0
DA:52,0
DA:53,0
DA:54,0
DA:55,0
DA:56,1
LF:56
LH:16
BRF:0
BRH:0
end_of_record
TN:
SF:src\controllers\eventControllers\EventController.ts
FN:6,EventController
FN:10,updateEvent
FNF:2
FNH:0
FNDA:0,EventController
FNDA:0,updateEvent
DA:1,1
DA:2,1
DA:3,1
DA:4,1
DA:5,1
DA:6,1
DA:7,0
DA:8,0
DA:9,1
DA:10,1
DA:11,0
DA:12,0
DA:13,0
DA:14,0
DA:15,0
DA:16,0
DA:17,0
DA:18,0
DA:19,1
LF:19
LH:9
BRF:0
BRH:0
end_of_record
TN:
SF:src\controllers\eventControllers\index.ts
FNF:0
FNH:0
DA:1,1
DA:2,1
LF:2
LH:2
BRF:0
BRH:0
end_of_record
TN:
SF:src\entities\Buzz.ts
FN:32,Buzz
FN:40,castToBuzzStatus
FN:23,onUpdate
FNF:3
FNH:0
FNDA:0,Buzz
FNDA:0,castToBuzzStatus
FNDA:0,onUpdate
DA:1,1
DA:2,1
DA:3,1
DA:4,1
DA:5,1
DA:6,1
DA:7,1
DA:8,1
DA:9,1
DA:10,1
DA:11,1
DA:12,1
DA:13,1
DA:14,1
DA:15,1
DA:16,1
DA:17,1
DA:18,1
DA:19,1
DA:20,1
DA:21,1
DA:22,1
DA:23,1
DA:24,1
DA:25,1
DA:26,1
DA:27,1
DA:28,1
DA:29,1
DA:30,1
DA:31,1
DA:32,1
DA:33,0
DA:34,0
DA:35,0
DA:36,0
DA:37,0
DA:38,0
DA:39,1
DA:40,1
DA:41,0
DA:42,0
DA:43,0
DA:44,0
DA:45,0
DA:46,0
DA:47,0
DA:48,0
DA:49,0
DA:50,0
DA:51,1
DA:52,1
DA:53,1
DA:54,11
DA:55,11
DA:56,11
DA:57,11
DA:58,11
LF:58
LH:42
BRDA:29,0,0,16
BRDA:54,1,0,11
BRF:2
BRH:2
end_of_record
TN:
SF:src\entities\Event.ts
FN:32,Event
FN:41,castToEventTypes
FN:53,castToEventStatus
FN:14,onUpdate
FNF:4
FNH:0
FNDA:0,Event
FNDA:0,castToEventTypes
FNDA:0,castToEventStatus
FNDA:0,onUpdate
DA:1,1
DA:2,1
DA:3,1
DA:4,1
DA:5,1
DA:6,1
DA:7,1
DA:8,1
DA:9,1
DA:10,1
DA:11,1
DA:12,1
DA:13,1
DA:14,1
DA:15,1
DA:16,1
DA:17,1
DA:18,1
DA:19,1
DA:20,1
DA:21,1
DA:22,1
DA:23,1
DA:24,1
DA:25,1
DA:26,1
DA:27,1
DA:28,1
DA:29,1
DA:30,1
DA:31,1
DA:32,1
DA:33,0
DA:34,0
DA:35,0
DA:36,0
DA:37,0
DA:38,0
DA:39,1
DA:40,1
DA:41,1
DA:42,0
DA:43,0
DA:44,0
DA:45,0
DA:46,0
DA:47,0
DA:48,0
DA:49,0
DA:50,0
DA:51,0
DA:52,1
DA:53,1
DA:54,0
DA:55,0
DA:56,0
DA:57,0
DA:58,0
DA:59,0
DA:60,0
DA:61,0
DA:62,0
DA:63,0
DA:64,1
DA:65,1
DA:66,1
DA:67,11
DA:68,11
DA:69,11
DA:70,11
DA:71,11
DA:72,11
DA:73,1
DA:74,11
DA:75,11
DA:76,11
DA:77,11
DA:78,11
LF:78
LH:52
BRDA:26,0,0,16
BRDA:29,1,0,16
BRDA:67,2,0,11
BRDA:74,3,0,11
BRF:4
BRH:4
end_of_record
TN:
SF:src\entities\Game.ts
FN:45,Game
FN:55,castToDelayUnities
FNF:2
FNH:0
FNDA:0,Game
FNDA:0,castToDelayUnities
DA:1,1
DA:2,1
DA:3,1
DA:4,1
DA:5,1
DA:6,1
DA:7,1
DA:8,1
DA:9,1
DA:10,1
DA:11,1
DA:12,1
DA:13,1
DA:14,1
DA:15,1
DA:16,1
DA:17,1
DA:18,1
DA:19,1
DA:20,1
DA:21,1
DA:22,1
DA:23,1
DA:24,1
DA:25,1
DA:26,1
DA:27,1
DA:28,1
DA:29,1
DA:30,1
DA:31,1
DA:32,1
DA:33,1
DA:34,1
DA:35,1
DA:36,1
DA:37,1
DA:38,1
DA:39,1
DA:40,1
DA:41,1
DA:42,1
DA:43,1
DA:44,1
DA:45,1
DA:46,0
DA:47,0
DA:48,0
DA:49,0
DA:50,0
DA:51,0
DA:52,0
DA:53,0
DA:54,1
DA:55,1
DA:56,0
DA:57,0
DA:58,0
DA:59,0
DA:60,0
DA:61,0
DA:62,0
DA:63,0
DA:64,0
DA:65,0
DA:66,1
DA:67,1
DA:68,1
DA:69,11
DA:70,11
DA:71,11
DA:72,11
DA:73,11
LF:73
LH:55
BRDA:29,0,0,16
BRDA:39,1,0,16
BRDA:69,2,0,11
BRF:3
BRH:3
end_of_record
TN:
SF:src\entities\Player.ts
FN:53,Player
FNF:1
FNH:0
FNDA:0,Player
DA:1,1
DA:2,1
DA:3,1
DA:4,1
DA:5,1
DA:6,1
DA:7,1
DA:8,1
DA:9,1
DA:10,1
DA:11,1
DA:12,1
DA:13,1
DA:14,1
DA:15,1
DA:16,1
DA:17,1
DA:18,1
DA:19,1
DA:20,1
DA:21,1
DA:22,1
DA:23,1
DA:24,1
DA:25,1
DA:26,1
DA:27,1
DA:28,1
DA:29,1
DA:30,1
DA:31,1
DA:32,1
DA:33,1
DA:34,1
DA:35,1
DA:36,1
DA:37,1
DA:38,1
DA:39,1
DA:40,1
DA:41,1
DA:42,1
DA:43,1
DA:44,1
DA:45,1
DA:46,1
DA:47,1
DA:48,1
DA:49,1
DA:50,1
DA:51,1
DA:52,1
DA:53,1
DA:54,0
DA:55,0
DA:56,0
DA:57,0
DA:58,0
DA:59,0
DA:60,1
LF:60
LH:54
BRF:0
BRH:0
end_of_record
TN:
SF:src\entities\RoomGame.ts
FN:19,RoomGame
FNF:1
FNH:0
FNDA:0,RoomGame
DA:1,1
DA:2,1
DA:3,1
DA:4,1
DA:5,1
DA:6,1
DA:7,1
DA:8,1
DA:9,1
DA:10,1
DA:11,1
DA:12,1
DA:13,1
DA:14,1
DA:15,1
DA:16,1
DA:17,1
DA:18,1
DA:19,1
DA:20,0
DA:21,0
DA:22,0
DA:23,1
LF:23
LH:20
BRF:0
BRH:0
end_of_record
TN:
SF:src\entities\RoomType.ts
FN:15,RoomType
FNF:1
FNH:0
FNDA:0,RoomType
DA:1,1
DA:2,1
DA:3,1
DA:4,1
DA:5,1
DA:6,1
DA:7,1
DA:8,1
DA:9,1
DA:10,1
DA:11,1
DA:12,1
DA:13,1
DA:14,1
DA:15,1
DA:16,0
DA:17,0
DA:18,0
DA:19,1
LF:19
LH:16
BRF:0
BRH:0
end_of_record
TN:
SF:src\entities\User.ts
FN:26,User
FN:33,castToUserRole
FNF:2
FNH:0
FNDA:0,User
FNDA:0,castToUserRole
DA:1,1
DA:2,1
DA:3,1
DA:4,1
DA:5,1
DA:6,1
DA:7,1
DA:8,1
DA:9,1
DA:10,1
DA:11,1
DA:12,1
DA:13,1
DA:14,1
DA:15,1
DA:16,1
DA:17,1
DA:18,1
DA:19,1
DA:20,1
DA:21,1
DA:22,1
DA:23,1
DA:24,1
DA:25,1
DA:26,1
DA:27,0
DA:28,0
DA:29,0
DA:30,0
DA:31,0
DA:32,1
DA:33,1
DA:34,0
DA:35,0
DA:36,0
DA:37,0
DA:38,0
DA:39,0
DA:40,0
DA:41,0
DA:42,0
DA:43,0
DA:44,1
DA:45,1
DA:46,1
DA:47,11
DA:48,11
DA:49,11
DA:50,11
DA:51,11
LF:51
LH:36
BRDA:23,0,0,16
BRDA:47,1,0,11
BRF:2
BRH:2
end_of_record
TN:
SF:src\entities\index.ts
FNF:0
FNH:0
DA:1,1
DA:2,1
DA:3,1
DA:4,1
DA:5,1
DA:6,1
DA:7,1
LF:7
LH:7
BRF:0
BRH:0
end_of_record
TN:
SF:src\errors\api\ApiError.ts
FN:4,ApiError
FN:9,serializeError
FNF:2
FNH:2
FNDA:3,ApiError
FNDA:3,serializeError
DA:1,1
DA:2,1
DA:3,1
DA:4,1
DA:5,3
DA:6,3
DA:7,3
DA:8,1
DA:9,1
DA:10,3
DA:11,3
DA:12,1
LF:12
LH:12
BRDA:4,0,0,3
BRDA:9,1,0,3
BRF:2
BRH:2
end_of_record
TN:
SF:src\errors\api\BadRequestError.ts
FN:5,BadRequestError
FNF:1
FNH:1
FNDA:2,BadRequestError
DA:1,1
DA:2,1
DA:3,1
DA:4,1
DA:5,1
DA:6,2
DA:7,2
DA:8,1
LF:8
LH:8
BRDA:5,0,0,2
BRF:1
BRH:1
end_of_record
TN:
SF:src\errors\api\ResourceNotFoundError.ts
FN:5,ResourceNotFoundError
FNF:1
FNH:0
FNDA:0,ResourceNotFoundError
DA:1,1
DA:2,1
DA:3,1
DA:4,1
DA:5,1
DA:6,0
DA:7,0
DA:8,1
LF:8
LH:6
BRF:0
BRH:0
end_of_record
TN:
SF:src\errors\api\RouteNotFoundError.ts
FN:5,RouteNotFoundError
FNF:1
FNH:0
FNDA:0,RouteNotFoundError
DA:1,1
DA:2,1
DA:3,1
DA:4,1
DA:5,1
DA:6,0
DA:7,0
DA:8,1
LF:8
LH:6
BRF:0
BRH:0
end_of_record
TN:
SF:src\errors\api\ServerSideError.ts
FN:6,ServerSideError
FNF:1
FNH:1
FNDA:1,ServerSideError
DA:1,1
DA:2,1
DA:3,1
DA:4,1
DA:5,1
DA:6,1
DA:7,1
DA:8,1
DA:9,1
DA:10,1
LF:10
LH:10
BRDA:6,0,0,1
BRF:1
BRH:1
end_of_record
TN:
SF:src\errors\api\UnauthorizedError.ts
FN:5,UnauthorizedError
FNF:1
FNH:0
FNDA:0,UnauthorizedError
DA:1,1
DA:2,1
DA:3,1
DA:4,1
DA:5,1
DA:6,0
DA:7,0
DA:8,1
LF:8
LH:6
BRF:0
BRH:0
end_of_record
TN:
SF:src\errors\api\index.ts
FNF:0
FNH:0
DA:1,1
DA:2,1
DA:3,1
DA:4,1
DA:5,1
DA:6,1
LF:6
LH:6
BRF:0
BRH:0
end_of_record
TN:
SF:src\errors\bdd\BddError.ts
FN:5,BddError
FN:11,serializeError
FNF:2
FNH:0
FNDA:0,BddError
FNDA:0,serializeError
DA:1,1
DA:2,1
DA:3,1
DA:4,1
DA:5,1
DA:6,0
DA:7,0
DA:8,0
DA:9,0
DA:10,1
DA:11,1
DA:12,0
DA:13,0
DA:14,1
LF:14
LH:8
BRF:0
BRH:0
end_of_record
TN:
SF:src\errors\bdd\EntityNotFoundError.ts
FN:4,EntityNotFoundError
FNF:1
FNH:0
FNDA:0,EntityNotFoundError
DA:1,1
DA:2,1
DA:3,1
DA:4,1
DA:5,0
DA:6,0
DA:7,1
LF:7
LH:5
BRF:0
BRH:0
end_of_record
TN:
SF:src\errors\bdd\ValidationDataError.ts
FN:4,ValidationDataError
FNF:1
FNH:0
FNDA:0,ValidationDataError
DA:1,1
DA:2,1
DA:3,1
DA:4,1
DA:5,0
DA:6,0
DA:7,1
LF:7
LH:5
BRF:0
BRH:0
end_of_record
TN:
SF:src\errors\bdd\index.ts
FNF:0
FNH:0
DA:1,1
DA:2,1
DA:3,1
LF:3
LH:3
BRF:0
BRH:0
end_of_record
TN:
SF:src\middlewares\auth.middleware.ts
FN:5,tokenGeneration
FN:11,authVerification
FNF:2
FNH:0
FNDA:0,tokenGeneration
FNDA:0,authVerification
DA:1,1
DA:2,1
DA:3,1
DA:4,1
DA:5,0
DA:6,0
DA:7,0
DA:8,0
DA:9,0
DA:10,1
DA:11,0
DA:12,0
DA:13,0
DA:14,0
DA:15,0
DA:16,0
DA:17,0
LF:17
LH:5
BRF:0
BRH:0
end_of_record
TN:
SF:src\middlewares\error.middleware.ts
FN:5,errorHandler
FNF:1
FNH:1
FNDA:2,errorHandler
DA:1,1
DA:2,1
DA:3,1
DA:4,1
DA:5,2
DA:6,2
DA:7,2
DA:8,2
DA:9,1
DA:10,2
DA:11,2
DA:12,2
DA:13,2
DA:14,2
DA:15,2
DA:16,2
DA:17,2
LF:17
LH:17
BRDA:5,0,0,2
BRDA:6,1,0,2
BRDA:8,2,0,1
BRDA:10,3,0,1
BRDA:10,4,0,1
BRF:5
BRH:5
end_of_record
TN:
SF:src\middlewares\index.ts
FNF:0
FNH:0
DA:1,1
DA:2,1
DA:3,1
DA:4,1
LF:4
LH:4
BRF:0
BRH:0
end_of_record
TN:
SF:src\middlewares\param.middleware.ts
FN:4,checkId
FNF:1
FNH:1
FNDA:2,checkId
DA:1,1
DA:2,1
DA:3,1
DA:4,2
DA:5,2
DA:6,2
DA:7,1
DA:8,1
DA:9,1
DA:10,1
DA:11,1
LF:11
LH:11
BRDA:4,0,0,2
BRDA:6,1,0,1
BRDA:6,2,0,1
BRF:3
BRH:3
end_of_record
TN:
SF:src\middlewares\response.middleware.ts
FN:4,objectCreated
FN:10,returnData
FN:15,sendResponse
FNF:3
FNH:2
FNDA:1,objectCreated
FNDA:1,returnData
FNDA:0,sendResponse
DA:1,1
DA:2,1
DA:3,1
DA:4,1
DA:5,1
DA:6,1
DA:7,1
DA:8,1
DA:9,1
DA:10,1
DA:11,1
DA:12,1
DA:13,1
DA:14,1
DA:15,0
DA:16,0
DA:17,0
DA:18,0
DA:19,0
DA:20,0
DA:21,0
DA:22,0
DA:23,0
LF:23
LH:14
BRDA:4,0,0,1
BRDA:10,1,0,1
BRF:2
BRH:2
end_of_record
TN:
SF:src\services\BddService.ts
FN:20,BddService
FN:27,createAllEntityService
FN:37,getEntityServiceData
FN:45,get entityManager
FN:49,get gameService
FN:53,get playerService
FN:57,get userService
FN:61,get roomTypeService
FN:65,get eventService
FN:69,get roomGameService
FN:73,get buzzService
FN:77,get EntityManager
FNF:12
FNH:0
FNDA:0,BddService
FNDA:0,createAllEntityService
FNDA:0,getEntityServiceData
FNDA:0,get entityManager
FNDA:0,get gameService
FNDA:0,get playerService
FNDA:0,get userService
FNDA:0,get roomTypeService
FNDA:0,get eventService
FNDA:0,get roomGameService
FNDA:0,get buzzService
FNDA:0,get EntityManager
DA:1,1
DA:2,1
DA:3,1
DA:4,1
DA:5,1
DA:6,1
DA:7,1
DA:8,1
DA:9,1
DA:10,1
DA:11,1
DA:12,1
DA:13,1
DA:14,1
DA:15,1
DA:16,1
DA:17,1
DA:18,1
DA:19,1
DA:20,1
DA:21,0
DA:22,0
DA:23,0
DA:24,0
DA:25,0
DA:26,1
DA:27,1
DA:28,0
DA:29,0
DA:30,0
DA:31,0
DA:32,0
DA:33,0
DA:34,0
DA:35,0
DA:36,1
DA:37,1
DA:38,0
DA:39,0
DA:40,0
DA:41,0
DA:42,0
DA:43,0
DA:44,1
DA:45,1
DA:46,0
DA:47,0
DA:48,1
DA:49,1
DA:50,0
DA:51,0
DA:52,1
DA:53,1
DA:54,0
DA:55,0
DA:56,1
DA:57,1
DA:58,0
DA:59,0
DA:60,1
DA:61,1
DA:62,0
DA:63,0
DA:64,1
DA:65,1
DA:66,0
DA:67,0
DA:68,1
DA:69,1
DA:70,0
DA:71,0
DA:72,1
DA:73,1
DA:74,0
DA:75,0
DA:76,1
DA:77,1
DA:78,0
DA:79,0
DA:80,1
LF:80
LH:43
BRF:0
BRH:0
end_of_record
TN:
SF:src\services\LoggerService.ts
FN:7,LoggerService
FN:11,getMiddlewareLog
FN:15,getRequestResponseLog
FN:19,getBddOperationLog
FN:23,getServiceLog
FN:27,logInfo
FN:30,logWarn
FN:33,logError
FNF:8
FNH:3
FNDA:11,LoggerService
FNDA:2,getMiddlewareLog
FNDA:0,getRequestResponseLog
FNDA:0,getBddOperationLog
FNDA:0,getServiceLog
FNDA:0,logInfo
FNDA:0,logWarn
FNDA:2,logError
DA:1,1
DA:2,1
DA:3,1
DA:4,1
DA:5,1
DA:6,1
DA:7,1
DA:8,11
DA:9,11
DA:10,1
DA:11,1
DA:12,2
DA:13,2
DA:14,1
DA:15,1
DA:16,0
DA:17,0
DA:18,1
DA:19,1
DA:20,0
DA:21,0
DA:22,1
DA:23,1
DA:24,0
DA:25,0
DA:26,1
DA:27,1
DA:28,0
DA:29,0
DA:30,1
DA:31,0
DA:32,0
DA:33,1
DA:34,2
DA:35,2
DA:36,1
LF:36
LH:26
BRDA:7,0,0,11
BRDA:11,1,0,2
BRDA:33,2,0,2
BRF:3
BRH:3
end_of_record
TN:
SF:src\services\Service.ts
FN:5,Service
FN:10,get serviceName
FNF:2
FNH:0
FNDA:0,Service
FNDA:0,get serviceName
DA:1,1
DA:2,1
DA:3,1
DA:4,1
DA:5,1
DA:6,0
DA:7,0
DA:8,0
DA:9,1
DA:10,1
DA:11,0
DA:12,0
DA:13,1
LF:13
LH:8
BRF:0
BRH:0
end_of_record
TN:
SF:src\services\index.ts
FNF:0
FNH:0
DA:1,1
DA:2,1
LF:2
LH:2
BRF:0
BRH:0
end_of_record
TN:
SF:src\services\entityServices\BuzzService.ts
FN:9,BuzzService
FN:13,createBuzz
FN:23,findBuzzById
FN:31,update
FNF:4
FNH:0
FNDA:0,BuzzService
FNDA:0,createBuzz
FNDA:0,findBuzzById
FNDA:0,update
DA:1,1
DA:2,1
DA:3,1
DA:4,1
DA:5,1
DA:6,1
DA:7,1
DA:8,1
DA:9,1
DA:10,0
DA:11,0
DA:12,1
DA:13,1
DA:14,0
DA:15,0
DA:16,0
DA:17,0
DA:18,0
DA:19,0
DA:20,0
DA:21,0
DA:22,1
DA:23,1
DA:24,0
DA:25,0
DA:26,0
DA:27,0
DA:28,0
DA:29,0
DA:30,1
DA:31,1
DA:32,0
DA:33,0
DA:34,0
DA:35,0
DA:36,0
DA:37,0
DA:38,0
DA:39,0
DA:40,0
DA:41,0
DA:42,0
DA:43,0
DA:44,0
DA:45,0
DA:46,1
LF:46
LH:16
BRF:0
BRH:0
end_of_record
TN:
SF:src\services\entityServices\EntityService.ts
FN:16,EntityService
FN:23,handleOperationError
FN:35,get EntityName
FN:39,deleteById
FNF:4
FNH:0
FNDA:0,EntityService
FNDA:0,handleOperationError
FNDA:0,get EntityName
FNDA:0,deleteById
DA:1,1
DA:2,1
DA:3,1
DA:4,1
DA:5,1
DA:6,1
DA:7,1
DA:8,1
DA:9,1
DA:10,1
DA:11,1
DA:12,1
DA:13,1
DA:14,1
DA:15,1
DA:16,1
DA:17,0
DA:18,0
DA:19,0
DA:20,0
DA:21,0
DA:22,1
DA:23,1
DA:24,0
DA:25,0
DA:26,0
DA:27,0
DA:28,0
DA:29,0
DA:30,0
DA:31,0
DA:32,0
DA:33,0
DA:34,1
DA:35,1
DA:36,0
DA:37,0
DA:38,1
DA:39,1
DA:40,0
DA:41,0
DA:42,0
DA:43,0
DA:44,0
DA:45,0
DA:46,1
LF:46
LH:23
BRF:0
BRH:0
end_of_record
TN:
SF:src\services\entityServices\EventService.ts
FN:15,EventService
FN:19,createEvent
FN:29,findEventById
FN:40,findEventByGame
FN:48,updateEvent
FN:64,getCurrentEvents
FNF:6
FNH:0
FNDA:0,EventService
FNDA:0,createEvent
FNDA:0,findEventById
FNDA:0,findEventByGame
FNDA:0,updateEvent
FNDA:0,getCurrentEvents
DA:1,1
DA:2,1
DA:3,1
DA:4,1
DA:5,1
DA:6,1
DA:7,1
DA:8,1
DA:9,1
DA:10,1
DA:11,1
DA:12,1
DA:13,1
DA:14,1
DA:15,1
DA:16,0
DA:17,0
DA:18,1
DA:19,1
DA:20,0
DA:21,0
DA:22,0
DA:23,0
DA:24,0
DA:25,0
DA:26,0
DA:27,0
DA:28,1
DA:29,1
DA:30,0
DA:31,0
DA:32,0
DA:33,0
DA:34,0
DA:35,0
DA:36,0
DA:37,0
DA:38,0
DA:39,1
DA:40,1
DA:41,0
DA:42,0
DA:43,0
DA:44,0
DA:45,0
DA:46,0
DA:47,1
DA:48,1
DA:49,0
DA:50,0
DA:51,0
DA:52,0
DA:53,0
DA:54,0
DA:55,0
DA:56,0
DA:57,0
DA:58,0
DA:59,0
DA:60,0
DA:61,0
DA:62,0
DA:63,1
DA:64,1
DA:65,0
DA:66,0
DA:67,0
DA:68,0
DA:69,0
DA:70,0
DA:71,0
DA:72,0
DA:73,1
LF:73
LH:26
BRF:0
BRH:0
end_of_record
TN:
SF:src\services\entityServices\GameService.ts
FN:8,GameService
FN:12,createGame
FN:22,findGameById
FN:30,findGameByCode
FNF:4
FNH:0
FNDA:0,GameService
FNDA:0,createGame
FNDA:0,findGameById
FNDA:0,findGameByCode
DA:1,1
DA:2,1
DA:3,1
DA:4,1
DA:5,1
DA:6,1
DA:7,1
DA:8,1
DA:9,0
DA:10,0
DA:11,1
DA:12,1
DA:13,0
DA:14,0
DA:15,0
DA:16,0
DA:17,0
DA:18,0
DA:19,0
DA:20,0
DA:21,1
DA:22,1
DA:23,0
DA:24,0
DA:25,0
DA:26,0
DA:27,0
DA:28,0
DA:29,1
DA:30,1
DA:31,0
DA:32,0
DA:33,0
DA:34,0
DA:35,0
DA:36,0
DA:37,1
LF:37
LH:15
BRF:0
BRH:0
end_of_record
TN:
SF:src\services\entityServices\PlayerService.ts
FN:9,PlayerService
FN:13,createPlayer
FN:23,findPlayerById
FN:31,findPlayerByUser
FN:45,findPlayersByGame
FN:53,getPlayerSecrets
FN:66,secretDiscovered
FNF:7
FNH:0
FNDA:0,PlayerService
FNDA:0,createPlayer
FNDA:0,findPlayerById
FNDA:0,findPlayerByUser
FNDA:0,findPlayersByGame
FNDA:0,getPlayerSecrets
FNDA:0,secretDiscovered
DA:1,1
DA:2,1
DA:3,1
DA:4,1
DA:5,1
DA:6,1
DA:7,1
DA:8,1
DA:9,1
DA:10,0
DA:11,0
DA:12,1
DA:13,1
DA:14,0
DA:15,0
DA:16,0
DA:17,0
DA:18,0
DA:19,0
DA:20,0
DA:21,0
DA:22,1
DA:23,1
DA:24,0
DA:25,0
DA:26,0
DA:27,0
DA:28,0
DA:29,0
DA:30,1
DA:31,1
DA:32,0
DA:33,0
DA:34,0
DA:35,0
DA:36,0
DA:37,0
DA:38,0
DA:39,0
DA:40,0
DA:41,0
DA:42,0
DA:43,0
DA:44,1
DA:45,1
DA:46,0
DA:47,0
DA:48,0
DA:49,0
DA:50,0
DA:51,0
DA:52,1
DA:53,1
DA:54,0
DA:55,0
DA:56,0
DA:57,0
DA:58,0
DA:59,0
DA:60,0
DA:61,0
DA:62,0
DA:63,0
DA:64,0
DA:65,1
DA:66,1
DA:67,0
DA:68,0
DA:69,0
DA:70,0
DA:71,0
DA:72,0
DA:73,0
DA:74,0
DA:75,0
DA:76,0
DA:77,0
DA:78,1
LF:78
LH:22
BRF:0
BRH:0
end_of_record
TN:
SF:src\services\entityServices\RoomGameService.ts
FN:8,RoomGameService
FN:12,createRoomGame
FN:22,findRoomsByGame
FNF:3
FNH:0
FNDA:0,RoomGameService
FNDA:0,createRoomGame
FNDA:0,findRoomsByGame
DA:1,1
DA:2,1
DA:3,1
DA:4,1
DA:5,1
DA:6,1
DA:7,1
DA:8,1
DA:9,0
DA:10,0
DA:11,1
DA:12,1
DA:13,0
DA:14,0
DA:15,0
DA:16,0
DA:17,0
DA:18,0
DA:19,0
DA:20,0
DA:21,1
DA:22,1
DA:23,0
DA:24,0
DA:25,0
DA:26,0
DA:27,0
DA:28,0
DA:29,0
DA:30,0
DA:31,0
DA:32,0
DA:33,0
DA:34,0
DA:35,1
LF:35
LH:13
BRF:0
BRH:0
end_of_record
TN:
SF:src\services\entityServices\RoomTypeService.ts
FN:8,RoomTypeService
FN:12,createRoomType
FN:22,findAll
FN:30,findRoomTypeById
FNF:4
FNH:0
FNDA:0,RoomTypeService
FNDA:0,createRoomType
FNDA:0,findAll
FNDA:0,findRoomTypeById
DA:1,1
DA:2,1
DA:3,1
DA:4,1
DA:5,1
DA:6,1
DA:7,1
DA:8,1
DA:9,0
DA:10,0
DA:11,1
DA:12,1
DA:13,0
DA:14,0
DA:15,0
DA:16,0
DA:17,0
DA:18,0
DA:19,0
DA:20,0
DA:21,1
DA:22,1
DA:23,0
DA:24,0
DA:25,0
DA:26,0
DA:27,0
DA:28,0
DA:29,1
DA:30,1
DA:31,0
DA:32,0
DA:33,0
DA:34,0
DA:35,0
DA:36,0
DA:37,1
LF:37
LH:15
BRF:0
BRH:0
end_of_record
TN:
SF:src\services\entityServices\UserService.ts
FN:9,UserService
FN:13,createUser
FN:24,findUserById
FN:32,findUserByEmail
FNF:4
FNH:0
FNDA:0,UserService
FNDA:0,createUser
FNDA:0,findUserById
FNDA:0,findUserByEmail
DA:1,1
DA:2,1
DA:3,1
DA:4,1
DA:5,1
DA:6,1
DA:7,1
DA:8,1
DA:9,1
DA:10,0
DA:11,0
DA:12,1
DA:13,1
DA:14,0
DA:15,0
DA:16,0
DA:17,0
DA:18,0
DA:19,0
DA:20,0
DA:21,0
DA:22,0
DA:23,1
DA:24,1
DA:25,0
DA:26,0
DA:27,0
DA:28,0
DA:29,0
DA:30,0
DA:31,1
DA:32,1
DA:33,0
DA:34,0
DA:35,0
DA:36,0
DA:37,0
DA:38,0
DA:39,1
LF:39
LH:16
BRF:0
BRH:0
end_of_record
TN:
SF:src\services\entityServices\index.ts
FNF:0
FNH:0
DA:1,1
DA:2,1
DA:3,1
DA:4,1
DA:5,1
DA:6,1
DA:7,1
LF:7
LH:7
BRF:0
BRH:0
end_of_record
TN:
SF:src\types\api\enums\BddOperation.ts
FNF:0
FNH:0
DA:1,11
DA:2,11
DA:3,11
DA:4,11
DA:5,11
DA:6,11
LF:6
LH:6
BRDA:1,0,0,11
BRF:1
BRH:1
end_of_record
TN:
SF:src\types\api\enums\HttpMethod.ts
FNF:0
FNH:0
DA:1,11
DA:2,11
DA:3,11
DA:4,11
DA:5,11
DA:6,11
DA:7,11
DA:8,11
DA:9,11
DA:10,11
DA:11,11
LF:11
LH:11
BRDA:1,0,0,11
BRF:1
BRH:1
end_of_record
TN:
SF:src\types\api\enums\index.ts
FNF:0
FNH:0
DA:1,1
DA:2,1
LF:2
LH:2
BRF:0
BRH:0
end_of_record
TN:
SF:src\types\request\bodyData\BuzzData.ts
FN:6,castToBuzzData
FN:10,isBuzzData
FNF:2
FNH:0
FNDA:0,castToBuzzData
FNDA:0,isBuzzData
DA:1,1
DA:2,1
DA:3,1
DA:4,1
DA:5,1
DA:6,0
DA:7,0
DA:8,0
DA:9,0
DA:10,0
DA:11,0
DA:12,0
LF:12
LH:5
BRF:0
BRH:0
end_of_record
TN:
SF:src\types\request\bodyData\EventData.ts
FN:6,castToEventData
FN:10,isEventData
FNF:2
FNH:0
FNDA:0,castToEventData
FNDA:0,isEventData
DA:1,1
DA:2,1
DA:3,1
DA:4,1
DA:5,1
DA:6,0
DA:7,0
DA:8,0
DA:9,0
DA:10,0
DA:11,0
DA:12,0
LF:12
LH:5
BRF:0
BRH:0
end_of_record
TN:
SF:src\types\request\bodyData\GameData.ts
FN:7,castToGameData
FN:11,isGameData
FNF:2
FNH:0
FNDA:0,castToGameData
FNDA:0,isGameData
DA:1,1
DA:2,1
DA:3,1
DA:4,1
DA:5,1
DA:6,1
DA:7,0
DA:8,0
DA:9,0
DA:10,0
DA:11,0
DA:12,0
DA:13,0
DA:14,0
LF:14
LH:6
BRF:0
BRH:0
end_of_record
TN:
SF:src\types\request\bodyData\LoginData.ts
FN:6,castToLoginData
FN:10,isLoginData
FNF:2
FNH:0
FNDA:0,castToLoginData
FNDA:0,isLoginData
DA:1,1
DA:2,1
DA:3,1
DA:4,1
DA:5,1
DA:6,0
DA:7,0
DA:8,0
DA:9,0
DA:10,0
DA:11,0
DA:12,0
LF:12
LH:5
BRF:0
BRH:0
end_of_record
TN:
SF:src\types\request\bodyData\PlayerData.ts
FN:8,castToPlayerData
FN:12,isPlayerData
FNF:2
FNH:0
FNDA:0,castToPlayerData
FNDA:0,isPlayerData
DA:1,1
DA:2,1
DA:3,1
DA:4,1
DA:5,1
DA:6,1
DA:7,1
DA:8,0
DA:9,0
DA:10,0
DA:11,0
DA:12,0
DA:13,0
DA:14,0
DA:15,0
LF:15
LH:7
BRF:0
BRH:0
end_of_record
TN:
SF:src\types\request\bodyData\RoomGameData.ts
FN:5,castToRoomGameData
FN:10,isRoomGameData
FNF:2
FNH:0
FNDA:0,castToRoomGameData
FNDA:0,isRoomGameData
DA:1,1
DA:2,1
DA:3,1
DA:4,1
DA:5,0
DA:6,0
DA:7,0
DA:8,0
DA:9,1
DA:10,0
DA:11,0
DA:12,0
LF:12
LH:5
BRF:0
BRH:0
end_of_record
TN:
SF:src\types\request\bodyData\RoomTypeData.ts
FN:6,castToRoomTypeData
FN:10,isRoomTypeData
FNF:2
FNH:0
FNDA:0,castToRoomTypeData
FNDA:0,isRoomTypeData
DA:1,1
DA:2,1
DA:3,1
DA:4,1
DA:5,1
DA:6,0
DA:7,0
DA:8,0
DA:9,0
DA:10,0
DA:11,0
DA:12,0
LF:12
LH:5
BRF:0
BRH:0
end_of_record
TN:
SF:src\types\request\bodyData\UserData.ts
FN:7,castToUserData
FN:12,isUserData
FNF:2
FNH:0
FNDA:0,castToUserData
FNDA:0,isUserData
DA:1,1
DA:2,1
DA:3,1
DA:4,1
DA:5,1
DA:6,1
DA:7,0
DA:8,0
DA:9,0
DA:10,0
DA:11,1
DA:12,0
DA:13,0
DA:14,0
DA:15,0
DA:16,0
LF:16
LH:7
BRF:0
BRH:0
end_of_record
TN:
SF:src\types\request\bodyData\index.ts
FNF:0
FNH:0
DA:1,1
DA:2,1
DA:3,1
DA:4,1
DA:5,1
DA:6,1
DA:7,1
LF:7
LH:7
BRF:0
BRH:0
end_of_record
TN:
SF:src\utils\TokenUtils.ts
FN:6,generateToken
FN:11,verifyToken
FNF:2
FNH:2
FNDA:2,generateToken
FNDA:2,verifyToken
DA:1,1
DA:2,1
DA:3,1
DA:4,1
DA:5,1
DA:6,1
DA:7,2
DA:8,2
DA:9,2
DA:10,1
DA:11,1
DA:12,2
DA:13,2
DA:14,2
DA:15,2
DA:16,1
DA:17,1
DA:18,2
DA:19,1
LF:19
LH:19
BRDA:6,0,0,2
BRDA:11,1,0,2
BRDA:15,2,0,1
BRF:3
BRH:3
end_of_record
TN:
SF:src\utils\index.ts
FN:3,generateGameCode
FNF:1
FNH:1
FNDA:1,generateGameCode
DA:1,1
DA:2,1
DA:3,1
DA:4,1
DA:5,1
DA:6,1
LF:6
LH:6
BRDA:3,0,0,1
BRF:1
BRH:1
end_of_record
TN:
SF:tests\configs\mikro-orm.config.ts
FN:13,options
FNF:1
FNH:1
FNDA:8,options
DA:1,1
DA:2,1
DA:3,1
DA:4,1
DA:5,1
DA:6,1
DA:7,1
DA:8,1
DA:9,1
DA:10,1
DA:11,1
DA:12,1
DA:13,1
DA:14,8
DA:15,8
DA:16,8
DA:17,8
DA:18,8
DA:19,8
DA:20,8
DA:21,8
DA:22,8
DA:23,8
DA:24,8
DA:25,8
DA:26,8
DA:27,8
DA:28,8
DA:29,8
DA:30,1
DA:31,1
LF:31
LH:31
BRDA:13,0,0,8
BRF:1
BRH:1
end_of_record
TN:
SF:tests\integrations\setup\bdd.setup.ts
FN:8,initOrm
FN:15,getEntityServiceData
FN:19,initBddService
FNF:3
FNH:2
FNDA:8,initOrm
FNDA:0,getEntityServiceData
FNDA:6,initBddService
DA:1,1
DA:2,1
DA:3,1
DA:4,1
DA:5,1
DA:6,1
DA:7,1
DA:8,1
DA:9,8
DA:10,8
DA:11,8
DA:12,1
DA:13,1
DA:14,1
DA:15,0
DA:16,0
DA:17,0
DA:18,1
DA:19,1
DA:20,6
DA:21,0
DA:22,0
LF:22
LH:17
BRDA:8,0,0,8
BRDA:19,1,0,6
BRDA:21,2,0,0
BRF:3
BRH:2
end_of_record
TN:
SF:tests\integrations\setup\index.ts
FN:10,getPlayerData
FN:14,getUserData
FN:18,getGameData
FN:23,getEventData
FN:27,getRoomTypeData
FNF:5
FNH:0
FNDA:0,getPlayerData
FNDA:0,getUserData
FNDA:0,getGameData
FNDA:0,getEventData
FNDA:0,getRoomTypeData
DA:1,1
DA:2,1
DA:3,1
DA:4,1
DA:5,1
DA:6,1
DA:7,1
DA:8,1
DA:9,1
DA:10,0
DA:11,0
DA:12,0
DA:13,1
DA:14,0
DA:15,0
DA:16,0
DA:17,1
DA:18,0
DA:19,0
DA:20,0
DA:21,0
DA:22,1
DA:23,0
DA:24,0
DA:25,0
DA:26,1
DA:27,0
DA:28,0
DA:29,0
LF:29
LH:13
BRF:0
BRH:0
end_of_record
TN:
SF:tests\integrations\setup\route.setup.ts
FN:4,getMockMiddleware
FN:20,getToken
FN:24,getUserPayload
FN:28,getResponsePayload
FNF:4
FNH:3
FNDA:3,getMockMiddleware
FNDA:0,getToken
FNDA:5,getUserPayload
FNDA:3,getResponsePayload
DA:1,1
DA:2,1
DA:3,1
DA:4,3
DA:5,3
DA:6,3
DA:7,3
DA:8,3
DA:9,3
DA:10,3
DA:11,3
DA:12,3
DA:13,3
DA:14,3
DA:15,3
DA:16,3
DA:17,3
DA:18,3
DA:19,1
DA:20,0
DA:21,0
DA:22,0
DA:23,1
DA:24,5
DA:25,5
DA:26,5
DA:27,1
DA:28,3
DA:29,3
DA:30,3
LF:30
LH:27
BRDA:4,0,0,3
BRDA:24,1,0,5
BRDA:28,2,0,3
BRF:3
BRH:3
end_of_record
